#
# There is insufficient memory for the Java Runtime Environment to continue.
# Native memory allocation (malloc) failed to allocate 1077344 bytes for Chunk::new
# Possible reasons:
#   The system is out of physical RAM or swap space
#   In 32 bit mode, the process size limit was hit
# Possible solutions:
#   Reduce memory load on the system
#   Increase physical memory or swap space
#   Check if swap backing store is full
#   Use 64 bit Java on a 64 bit OS
#   Decrease Java heap size (-Xmx/-Xms)
#   Decrease number of Java threads
#   Decrease Java thread stack sizes (-Xss)
#   Set larger code cache with -XX:ReservedCodeCacheSize=
# This output file may be truncated or incomplete.
#
#  Out of Memory Error (allocation.cpp:390), pid=18188, tid=16036
#
# JRE version: Java(TM) SE Runtime Environment (8.0_66-b17) (build 1.8.0_66-b17)
# Java VM: Java HotSpot(TM) 64-Bit Server VM (25.66-b17 mixed mode windows-amd64 compressed oops)
# Failed to write core dump. Minidumps are not enabled by default on client versions of Windows
#

---------------  T H R E A D  ---------------

Current thread (0x00000000572b1000):  JavaThread "C2 CompilerThread1" daemon [_thread_in_native, id=16036, stack(0x0000000058920000,0x0000000058a20000)]

Stack: [0x0000000058920000,0x0000000058a20000]
[error occurred during error reporting (printing stack bounds), id 0xc0000005]

Native frames: (J=compiled Java code, j=interpreted, Vv=VM code, C=native code)


Current CompileTask:
C2:   4537 2101   !   4       com.android.dx.cf.code.Ropper::processBlock (1101 bytes)


---------------  P R O C E S S  ---------------

Java Threads: ( => current thread )
  0x0000000059ee4000 JavaThread "pool-1-thread-1" [_thread_new, id=12480, stack(0x0000000000000000,0x0000000000000000)]
  0x000000005734f000 JavaThread "Service Thread" daemon [_thread_blocked, id=11452, stack(0x0000000058db0000,0x0000000058eb0000)]
  0x00000000572c3000 JavaThread "C1 CompilerThread3" daemon [_thread_blocked, id=18240, stack(0x0000000058a30000,0x0000000058b30000)]
  0x00000000572bd000 JavaThread "C2 CompilerThread2" daemon [_thread_in_native, id=16744, stack(0x0000000058b90000,0x0000000058c90000)]
=>0x00000000572b1000 JavaThread "C2 CompilerThread1" daemon [_thread_in_native, id=16036, stack(0x0000000058920000,0x0000000058a20000)]
  0x00000000572aa800 JavaThread "C2 CompilerThread0" daemon [_thread_in_native, id=17728, stack(0x00000000585a0000,0x00000000586a0000)]
  0x00000000572a9800 JavaThread "Attach Listener" daemon [_thread_blocked, id=16076, stack(0x0000000058800000,0x0000000058900000)]
  0x00000000572a8800 JavaThread "Signal Dispatcher" daemon [_thread_blocked, id=8840, stack(0x00000000586f0000,0x00000000587f0000)]
  0x0000000055906800 JavaThread "Finalizer" daemon [_thread_blocked, id=16564, stack(0x0000000058490000,0x0000000058590000)]
  0x0000000055904800 JavaThread "Reference Handler" daemon [_thread_blocked, id=17412, stack(0x00000000580f0000,0x00000000581f0000)]
  0x000000000240f800 JavaThread "main" [_thread_blocked, id=18068, stack(0x00000000025d0000,0x00000000026d0000)]

Other Threads:
  0x0000000057260800 VMThread [stack: 0x0000000058220000,0x0000000058320000] [id=17936]
  0x0000000057363800 WatcherThread [stack: 0x0000000059090000,0x0000000059190000] [id=16836]

VM state:not at safepoint (normal execution)

VM Mutex/Monitor currently owned by a thread: None

Heap:
 PSYoungGen      total 302592K, used 90123K [0x00000000eab00000, 0x00000000ffc00000, 0x0000000100000000)
  eden space 261632K, 22% used [0x00000000eab00000,0x00000000ee5aa170,0x00000000faa80000)
  from space 40960K, 73% used [0x00000000fd300000,0x00000000ff058df0,0x00000000ffb00000)
  to   space 41472K, 0% used [0x00000000faa80000,0x00000000faa80000,0x00000000fd300000)
 ParOldGen       total 175104K, used 74171K [0x00000000c0000000, 0x00000000cab00000, 0x00000000eab00000)
  object space 175104K, 42% used [0x00000000c0000000,0x00000000c486ef50,0x00000000cab00000)
 Metaspace       used 6122K, capacity 7152K, committed 7296K, reserved 1056768K
  class space    used 597K, capacity 616K, committed 640K, reserved 1048576K

Card table byte_map: [0x0000000011d60000,0x0000000011f70000] byte_map_base: 0x0000000011760000

Marking Bits: (ParMarkBitMap*) 0x000000005717a5b0
 Begin Bits: [0x0000000012d20000, 0x0000000013d20000)
 End Bits:   [0x0000000013d20000, 0x0000000014d20000)

Polling page: 0x00000000001d0000

CodeCache: size=245760Kb used=10076Kb max_used=10088Kb free=235683Kb
 bounds [0x00000000029a0000, 0x0000000003390000, 0x00000000119a0000]
 total_blobs=2338 nmethods=2075 adapters=175
 compilation: enabled

Compilation events (10 events):
Event: 4.481 Thread 0x00000000572bd000 nmethod 2153 0x0000000003379210 code [0x0000000003379720, 0x000000000337c720]
Event: 4.482 Thread 0x00000000572bd000 1910       4       com.android.dx.cf.code.BasicBlocker::visitCommon (34 bytes)
Event: 4.483 Thread 0x00000000572bd000 nmethod 1910 0x0000000003342b10 code [0x0000000003342c60, 0x0000000003342dd8]
Event: 4.483 Thread 0x00000000572bd000 1609       4       com.android.dx.ssa.back.SsaToRop::convertBasicBlock (126 bytes)
Event: 4.517 Thread 0x00000000572bd000 nmethod 1609 0x0000000003382ad0 code [0x0000000003382ce0, 0x0000000003383e88]
Event: 4.517 Thread 0x00000000572bd000 1528       4       com.android.dx.rop.code.Insn::getLocalAssignment (48 bytes)
Event: 4.518 Thread 0x00000000572bd000 nmethod 1528 0x0000000003342710 code [0x0000000003342860, 0x0000000003342958]
Event: 4.518 Thread 0x00000000572bd000 1968   !   4       com.android.dx.rop.code.RegisterSpecSet::get (18 bytes)
Event: 4.519 Thread 0x00000000572bd000 nmethod 1968 0x0000000003307f50 code [0x0000000003308080, 0x0000000003308118]
Event: 4.519 Thread 0x00000000572bd000 1672       4       com.android.dx.dex.code.RopTranslator::outputBlock (202 bytes)

GC Heap History (10 events):
Event: 1.523 GC heap before
{Heap before GC invocations=2 (full 0):
 PSYoungGen      total 76288K, used 75553K [0x00000000eab00000, 0x00000000f4000000, 0x0000000100000000)
  eden space 65536K, 100% used [0x00000000eab00000,0x00000000eeb00000,0x00000000eeb00000)
  from space 10752K, 93% used [0x00000000eeb00000,0x00000000ef4c8568,0x00000000ef580000)
  to   space 10752K, 0% used [0x00000000f3580000,0x00000000f3580000,0x00000000f4000000)
 ParOldGen       total 175104K, used 8K [0x00000000c0000000, 0x00000000cab00000, 0x00000000eab00000)
  object space 175104K, 0% used [0x00000000c0000000,0x00000000c0002000,0x00000000cab00000)
 Metaspace       used 5778K, capacity 7024K, committed 7296K, reserved 1056768K
  class space    used 576K, capacity 616K, committed 640K, reserved 1048576K
Event: 1.812 GC heap after
Heap after GC invocations=2 (full 0):
 PSYoungGen      total 141824K, used 10724K [0x00000000eab00000, 0x00000000f4000000, 0x0000000100000000)
  eden space 131072K, 0% used [0x00000000eab00000,0x00000000eab00000,0x00000000f2b00000)
  from space 10752K, 99% used [0x00000000f3580000,0x00000000f3ff91c0,0x00000000f4000000)
  to   space 10752K, 0% used [0x00000000f2b00000,0x00000000f2b00000,0x00000000f3580000)
 ParOldGen       total 175104K, used 16568K [0x00000000c0000000, 0x00000000cab00000, 0x00000000eab00000)
  object space 175104K, 9% used [0x00000000c0000000,0x00000000c102e3b0,0x00000000cab00000)
 Metaspace       used 5778K, capacity 7024K, committed 7296K, reserved 1056768K
  class space    used 576K, capacity 616K, committed 640K, reserved 1048576K
}
Event: 2.304 GC heap before
{Heap before GC invocations=3 (full 0):
 PSYoungGen      total 141824K, used 141796K [0x00000000eab00000, 0x00000000f4000000, 0x0000000100000000)
  eden space 131072K, 100% used [0x00000000eab00000,0x00000000f2b00000,0x00000000f2b00000)
  from space 10752K, 99% used [0x00000000f3580000,0x00000000f3ff91c0,0x00000000f4000000)
  to   space 10752K, 0% used [0x00000000f2b00000,0x00000000f2b00000,0x00000000f3580000)
 ParOldGen       total 175104K, used 16568K [0x00000000c0000000, 0x00000000cab00000, 0x00000000eab00000)
  object space 175104K, 9% used [0x00000000c0000000,0x00000000c102e3b0,0x00000000cab00000)
 Metaspace       used 5977K, capacity 7088K, committed 7296K, reserved 1056768K
  class space    used 595K, capacity 616K, committed 640K, reserved 1048576K
Event: 2.348 GC heap after
Heap after GC invocations=3 (full 0):
 PSYoungGen      total 141824K, used 10736K [0x00000000eab00000, 0x00000000f4000000, 0x0000000100000000)
  eden space 131072K, 0% used [0x00000000eab00000,0x00000000eab00000,0x00000000f2b00000)
  from space 10752K, 99% used [0x00000000f2b00000,0x00000000f357c088,0x00000000f3580000)
  to   space 10752K, 0% used [0x00000000f3580000,0x00000000f3580000,0x00000000f4000000)
 ParOldGen       total 175104K, used 37003K [0x00000000c0000000, 0x00000000cab00000, 0x00000000eab00000)
  object space 175104K, 21% used [0x00000000c0000000,0x00000000c2422e68,0x00000000cab00000)
 Metaspace       used 5977K, capacity 7088K, committed 7296K, reserved 1056768K
  class space    used 595K, capacity 616K, committed 640K, reserved 1048576K
}
Event: 2.747 GC heap before
{Heap before GC invocations=4 (full 0):
 PSYoungGen      total 141824K, used 141808K [0x00000000eab00000, 0x00000000f4000000, 0x0000000100000000)
  eden space 131072K, 100% used [0x00000000eab00000,0x00000000f2b00000,0x00000000f2b00000)
  from space 10752K, 99% used [0x00000000f2b00000,0x00000000f357c088,0x00000000f3580000)
  to   space 10752K, 0% used [0x00000000f3580000,0x00000000f3580000,0x00000000f4000000)
 ParOldGen       total 175104K, used 37003K [0x00000000c0000000, 0x00000000cab00000, 0x00000000eab00000)
  object space 175104K, 21% used [0x00000000c0000000,0x00000000c2422e68,0x00000000cab00000)
 Metaspace       used 6035K, capacity 7152K, committed 7296K, reserved 1056768K
  class space    used 595K, capacity 616K, committed 640K, reserved 1048576K
Event: 2.891 GC heap after
Heap after GC invocations=4 (full 0):
 PSYoungGen      total 141824K, used 10750K [0x00000000eab00000, 0x00000000fc000000, 0x0000000100000000)
  eden space 131072K, 0% used [0x00000000eab00000,0x00000000eab00000,0x00000000f2b00000)
  from space 10752K, 99% used [0x00000000f3580000,0x00000000f3fff8e0,0x00000000f4000000)
  to   space 10752K, 0% used [0x00000000f2b00000,0x00000000f2b00000,0x00000000f3580000)
 ParOldGen       total 175104K, used 55932K [0x00000000c0000000, 0x00000000cab00000, 0x00000000eab00000)
  object space 175104K, 31% used [0x00000000c0000000,0x00000000c369f070,0x00000000cab00000)
 Metaspace       used 6035K, capacity 7152K, committed 7296K, reserved 1056768K
  class space    used 595K, capacity 616K, committed 640K, reserved 1048576K
}
Event: 3.165 GC heap before
{Heap before GC invocations=5 (full 0):
 PSYoungGen      total 141824K, used 141822K [0x00000000eab00000, 0x00000000fc000000, 0x0000000100000000)
  eden space 131072K, 100% used [0x00000000eab00000,0x00000000f2b00000,0x00000000f2b00000)
  from space 10752K, 99% used [0x00000000f3580000,0x00000000f3fff8e0,0x00000000f4000000)
  to   space 10752K, 0% used [0x00000000f2b00000,0x00000000f2b00000,0x00000000f3580000)
 ParOldGen       total 175104K, used 55932K [0x00000000c0000000, 0x00000000cab00000, 0x00000000eab00000)
  object space 175104K, 31% used [0x00000000c0000000,0x00000000c369f070,0x00000000cab00000)
 Metaspace       used 6048K, capacity 7152K, committed 7296K, reserved 1056768K
  class space    used 595K, capacity 616K, committed 640K, reserved 1048576K
Event: 3.609 GC heap after
Heap after GC invocations=5 (full 0):
 PSYoungGen      total 141824K, used 10747K [0x00000000eab00000, 0x00000000ffb00000, 0x0000000100000000)
  eden space 131072K, 0% used [0x00000000eab00000,0x00000000eab00000,0x00000000f2b00000)
  from space 10752K, 99% used [0x00000000f2b00000,0x00000000f357ef50,0x00000000f3580000)
  to   space 40960K, 0% used [0x00000000fd300000,0x00000000fd300000,0x00000000ffb00000)
 ParOldGen       total 175104K, used 74171K [0x00000000c0000000, 0x00000000cab00000, 0x00000000eab00000)
  object space 175104K, 42% used [0x00000000c0000000,0x00000000c486ef50,0x00000000cab00000)
 Metaspace       used 6048K, capacity 7152K, committed 7296K, reserved 1056768K
  class space    used 595K, capacity 616K, committed 640K, reserved 1048576K
}
Event: 3.979 GC heap before
{Heap before GC invocations=6 (full 0):
 PSYoungGen      total 141824K, used 141819K [0x00000000eab00000, 0x00000000ffb00000, 0x0000000100000000)
  eden space 131072K, 100% used [0x00000000eab00000,0x00000000f2b00000,0x00000000f2b00000)
  from space 10752K, 99% used [0x00000000f2b00000,0x00000000f357ef50,0x00000000f3580000)
  to   space 40960K, 0% used [0x00000000fd300000,0x00000000fd300000,0x00000000ffb00000)
 ParOldGen       total 175104K, used 74171K [0x00000000c0000000, 0x00000000cab00000, 0x00000000eab00000)
  object space 175104K, 42% used [0x00000000c0000000,0x00000000c486ef50,0x00000000cab00000)
 Metaspace       used 6089K, capacity 7152K, committed 7296K, reserved 1056768K
  class space    used 595K, capacity 616K, committed 640K, reserved 1048576K
Event: 4.076 GC heap after
Heap after GC invocations=6 (full 0):
 PSYoungGen      total 302592K, used 30051K [0x00000000eab00000, 0x00000000ffc00000, 0x0000000100000000)
  eden space 261632K, 0% used [0x00000000eab00000,0x00000000eab00000,0x00000000faa80000)
  from space 40960K, 73% used [0x00000000fd300000,0x00000000ff058df0,0x00000000ffb00000)
  to   space 41472K, 0% used [0x00000000faa80000,0x00000000faa80000,0x00000000fd300000)
 ParOldGen       total 175104K, used 74171K [0x00000000c0000000, 0x00000000cab00000, 0x00000000eab00000)
  object space 175104K, 42% used [0x00000000c0000000,0x00000000c486ef50,0x00000000cab00000)
 Metaspace       used 6089K, capacity 7152K, committed 7296K, reserved 1056768K
  class space    used 595K, capacity 616K, committed 640K, reserved 1048576K
}

Deoptimization events (10 events):
Event: 2.157 Thread 0x000000005742c800 Uncommon trap: reason=unstable_if action=reinterpret pc=0x0000000002bd3884 method=java.util.HashMap.getNode(ILjava/lang/Object;)Ljava/util/HashMap$Node; @ 84
Event: 2.172 Thread 0x000000005742e000 Uncommon trap: reason=unstable_if action=reinterpret pc=0x0000000002ee8404 method=java.util.HashMap.resize()[Ljava/util/HashMap$Node; @ 206
Event: 2.178 Thread 0x000000005742c800 Uncommon trap: reason=unstable_if action=reinterpret pc=0x0000000003012558 method=com.android.dx.cf.code.Ropper.isSynchronized()Z @ 12
Event: 2.178 Thread 0x000000005742c800 Uncommon trap: reason=unstable_if action=reinterpret pc=0x0000000002ef1c70 method=com.android.dx.ssa.MoveParamCombiner$1.visitNonMoveInsn(Lcom/android/dx/ssa/NormalSsaInsn;)V @ 27
Event: 2.209 Thread 0x000000005742e000 Uncommon trap: reason=unstable_if action=reinterpret pc=0x0000000002d22634 method=java.util.HashMap.putVal(ILjava/lang/Object;Ljava/lang/Object;ZZ)Ljava/lang/Object; @ 94
Event: 2.369 Thread 0x000000005742c800 Uncommon trap: reason=unstable_if action=reinterpret pc=0x0000000002f955d0 method=com.android.dx.cf.code.BaseMachine.popArgs(Lcom/android/dx/cf/code/Frame;I)V @ 15
Event: 2.419 Thread 0x000000005742f800 Uncommon trap: reason=unstable_if action=reinterpret pc=0x0000000002d2cfac method=java.util.HashMap.getNode(ILjava/lang/Object;)Ljava/util/HashMap$Node; @ 84
Event: 2.904 Thread 0x000000005742e000 Uncommon trap: reason=unstable_if action=reinterpret pc=0x00000000031a8cac method=com.android.dx.cf.code.Ropper.isSynchronized()Z @ 12
Event: 2.949 Thread 0x000000005742f800 Uncommon trap: reason=unstable_if action=reinterpret pc=0x00000000030ebaec method=com.android.dx.rop.code.RegisterSpecSet.<init>(I)V @ 2
Event: 2.950 Thread 0x000000005742f800 Uncommon trap: reason=unstable_if action=reinterpret pc=0x0000000002e2f444 method=com.android.dx.rop.code.RegisterSpecSet.<init>(I)V @ 2

Internal exceptions (7 events):
Event: 0.148 Thread 0x000000000240f800 Exception <a 'java/lang/NoSuchMethodError': Method sun.misc.Unsafe.defineClass(Ljava/lang/String;[BII)Ljava/lang/Class; name or signature does not match> (0x00000000eab13098) thrown at [C:\re\workspace\8-2-build-windows-amd64-cygwin\jdk8u66\4988\hotspot\sr˜.Æ¬äÙ¬?
Event: 0.148 Thread 0x000000000240f800 Exception <a 'java/lang/NoSuchMethodError': Method sun.misc.Unsafe.prefetchRead(Ljava/lang/Object;J)V name or signature does not match> (0x00000000eab13380) thrown at [C:\re\workspace\8-2-build-windows-amd64-cygwin\jdk8u66\4988\hotspot\src\share\vm\prims\jŒçê¬Ê?
Event: 0.690 Thread 0x000000005742c800 Implicit null exception at 0x0000000002ce05ea to 0x0000000002ce2909
Event: 0.690 Thread 0x000000005742c800 Implicit null exception at 0x0000000002c65836 to 0x0000000002c67835
Event: 2.141 Thread 0x000000005742c800 Exception <a 'java/lang/ArrayIndexOutOfBoundsException': 18> (0x00000000ef972c48) thrown at [C:\re\workspace\8-2-build-windows-amd64-cygwin\jdk8u66\4988\hotspot\src\share\vm\interpreter\interpreterRuntime.cpp, line 366]
Event: 2.141 Thread 0x000000005742c800 Exception <a 'java/lang/ArrayIndexOutOfBoundsException': 145> (0x00000000ef9747c8) thrown at [C:\re\workspace\8-2-build-windows-amd64-cygwin\jdk8u66\4988\hotspot\src\share\vm\interpreter\interpreterRuntime.cpp, line 366]
Event: 2.142 Thread 0x000000005742c800 Exception <a 'java/lang/ArrayIndexOutOfBoundsException'> (0x00000000ef975ab0) thrown at [C:\re\workspace\8-2-build-windows-amd64-cygwin\jdk8u66\4988\hotspot\src\share\vm\runtime\sharedRuntime.cpp, line 605]

Events (10 events):
Event: 4.278 loading class java/util/HashMap$KeyIterator
Event: 4.278 loading class java/util/HashMap$KeyIterator done
Event: 4.282 Thread 0x000000005742f800 Thread exited: 0x000000005742f800
Event: 4.283 Thread 0x000000005742f000 Thread exited: 0x000000005742f000
Event: 4.283 Thread 0x000000005742e000 Thread exited: 0x000000005742e000
Event: 4.285 Thread 0x000000005742c800 DEOPT PACKING pc=0x0000000002fcff31 sp=0x000000005907e4a0
Event: 4.285 Thread 0x000000005742c800 DEOPT UNPACKING pc=0x00000000029e787f sp=0x000000005907e200 mode 0
Event: 4.286 Thread 0x000000005742c800 Thread exited: 0x000000005742c800
Event: 4.346 Executing VM operation: EnableBiasedLocking
Event: 4.347 Executing VM operation: EnableBiasedLocking done


Dynamic libraries:
0x000000013f520000 - 0x000000013f557000 	C:\Program Files\Java\jdk1.8.0_66\bin\java.exe
0x0000000077180000 - 0x0000000077329000 	C:\Windows\SYSTEM32\ntdll.dll
0x0000000076f60000 - 0x000000007707f000 	C:\Windows\system32\kernel32.dll
0x000007fefd210000 - 0x000007fefd27c000 	C:\Windows\system32\KERNELBASE.dll
0x0000000074be0000 - 0x0000000074c91000 	C:\Program Files\Bitdefender\Bitdefender 2016\Active Virus Control\Avc3_00361_005\avcuf64.dll
0x000007fefee00000 - 0x000007fefeedb000 	C:\Windows\system32\ADVAPI32.dll
0x000007fefd500000 - 0x000007fefd59f000 	C:\Windows\system32\msvcrt.dll
0x000007fefda30000 - 0x000007fefda4f000 	C:\Windows\SYSTEM32\sechost.dll
0x000007fefeee0000 - 0x000007feff00d000 	C:\Windows\system32\RPCRT4.dll
0x0000000077080000 - 0x000000007717a000 	C:\Windows\system32\USER32.dll
0x000007fefdff0000 - 0x000007fefe057000 	C:\Windows\system32\GDI32.dll
0x000007fefdb70000 - 0x000007fefdb7e000 	C:\Windows\system32\LPK.dll
0x000007feff2d0000 - 0x000007feff399000 	C:\Windows\system32\USP10.dll
0x000007fef9f90000 - 0x000007fefa184000 	C:\Windows\WinSxS\amd64_microsoft.windows.common-controls_6595b64144ccf1df_6.0.7601.18837_none_fa3b1e3d17594757\COMCTL32.dll
0x000007fefd480000 - 0x000007fefd4f1000 	C:\Windows\system32\SHLWAPI.dll
0x000007fefda00000 - 0x000007fefda2e000 	C:\Windows\system32\IMM32.DLL
0x000007fefd2f0000 - 0x000007fefd3f9000 	C:\Windows\system32\MSCTF.dll
0x0000000079550000 - 0x0000000079622000 	C:\Program Files\Java\jdk1.8.0_66\jre\bin\msvcr100.dll
0x0000000056970000 - 0x00000000571f9000 	C:\Program Files\Java\jdk1.8.0_66\jre\bin\server\jvm.dll
0x000007fef7830000 - 0x000007fef7839000 	C:\Windows\system32\WSOCK32.dll
0x000007feff3a0000 - 0x000007feff3ed000 	C:\Windows\system32\WS2_32.dll
0x000007fefedf0000 - 0x000007fefedf8000 	C:\Windows\system32\NSI.dll
0x000007fefbe70000 - 0x000007fefbeab000 	C:\Windows\system32\WINMM.dll
0x000007fefbe40000 - 0x000007fefbe4c000 	C:\Windows\system32\VERSION.dll
0x0000000077340000 - 0x0000000077347000 	C:\Windows\system32\PSAPI.DLL
0x0000000071d00000 - 0x0000000071d0f000 	C:\Program Files\Java\jdk1.8.0_66\jre\bin\verify.dll
0x000000005c480000 - 0x000000005c4a9000 	C:\Program Files\Java\jdk1.8.0_66\jre\bin\java.dll
0x0000000058f50000 - 0x0000000058f66000 	C:\Program Files\Java\jdk1.8.0_66\jre\bin\zip.dll
0x000007fefe060000 - 0x000007fefede9000 	C:\Windows\system32\SHELL32.dll
0x000007fefdde0000 - 0x000007fefdfe3000 	C:\Windows\system32\ole32.dll
0x000007fefcf30000 - 0x000007fefcf3f000 	C:\Windows\system32\profapi.dll

VM Arguments:
jvm_args: -Djava.awt.headless=true -Xmx1024M -Dfile.encoding=windows-1250 -Duser.country=US -Duser.language=en -Duser.variant 
java_command: com.android.dx.command.Main --dex --force-jumbo --num-threads=4 --multi-dex --output D:\AppDev\Zag-App\Doctor\LittleDotDoctor\app\build\intermediates\transforms\dex\debug\folders\1000\5\slice_7 D:\AppDev\Zag-App\Doctor\LittleDotDoctor\app\build\intermediates\transforms\instantRunSlicer\debug\folders\1\5\slice_7
java_class_path (initial): C:\Android\sdk\build-tools\23.0.1\lib\dx.jar
Launcher Type: SUN_STANDARD

Environment Variables:
JAVA_HOME=C:\Program Files\Java\jdk1.8.0_66
PATH=C:\Windows\system32;C:\Windows;C:\Windows\system32\wbem;C:\ProgramData\Oracle\Java\javapath;C:\Program Files (x86)\Common Files\Intel\Shared Files\cpp\bin\Intel64;C:\Program Files (x86)\Kingston SSD Toolbox;C:\Program Files (x86)\Intel\iCLS Client;C:\Program Files\Intel\iCLS Client;C:\Windows\System32\WindowsPowerShell\v1.0;C:\Program Files\Intel\Intel(R) Management Engine Components\DAL;C:\Program Files\Intel\Intel(R) Management Engine Components\IPT;C:\Program Files (x86)\Intel\Intel(R) Management Engine Components\DAL;C:\Program Files (x86)\Intel\Intel(R) Management Engine Components\IPT;C:\Program Files (x86)\ATI Technologies\ATI.ACE\Core-Static;C:\Program Files\nodejs;C:\Program Files (x86)\Brackets\command;C:\Program Files (x86)\GtkSharp\2.12\bin;C:\Program Files (x86)\GNU\GnuPG\pub;C:\Program Files\Microsoft SQL Server\120\Tools\Binn;C:\Program Files (x86)\Skype\Phone;C:\Program Files (x86)\QuickTime\QTSystem;C:\Program Files\OpenVPN\bin;C:\Program Files (x86)\Heroku\bin;C:\Program Files (x86)\git\cmd;C:\Program Files (x86)\Git\cmd; C:\Program Files\Java\jdk1.8.0_66\bin;C:\Users\User 3\AppData\Roaming\npm; C:\Program Files\Java\jre1.8.0_71\bin;
USERNAME=User 3
LD_LIBRARY_PATH=C:\Program Files (x86)\Kingston SSD Toolbox
OS=Windows_NT
PROCESSOR_IDENTIFIER=Intel64 Family 6 Model 60 Stepping 3, GenuineIntel



---------------  S Y S T E M  ---------------

OS: Windows 7 , 64 bit Build 7601 (6.1.7601.18933)

CPU:total 8 (4 cores per cpu, 2 threads per core) family 6 model 60 stepping 3, cmov, cx8, fxsr, mmx, sse, sse2, sse3, ssse3, sse4.1, sse4.2, popcnt, avx, avx2, aes, clmul, erms, lzcnt, ht, tsc, tscinvbit, bmi1, bmi2

Memory: 4k page, physical 16680504k(2527408k free), swap 16678664k(5280k free)

vm_info: Java HotSpot(TM) 64-Bit Server VM (25.66-b17) for windows-amd64 JRE (1.8.0_66-b17), built on Oct  6 2015 18:55:33 by "java_re" with MS VC++ 10.0 (VS2010)

time: Fri Jun 03 16:16:46 2016
elapsed time: 4 seconds (0d 0h 0m 4s)

