#
# There is insufficient memory for the Java Runtime Environment to continue.
# Native memory allocation (malloc) failed to allocate 1134576 bytes for Chunk::new
# Possible reasons:
#   The system is out of physical RAM or swap space
#   In 32 bit mode, the process size limit was hit
# Possible solutions:
#   Reduce memory load on the system
#   Increase physical memory or swap space
#   Check if swap backing store is full
#   Use 64 bit Java on a 64 bit OS
#   Decrease Java heap size (-Xmx/-Xms)
#   Decrease number of Java threads
#   Decrease Java thread stack sizes (-Xss)
#   Set larger code cache with -XX:ReservedCodeCacheSize=
# This output file may be truncated or incomplete.
#
#  Out of Memory Error (allocation.cpp:390), pid=16232, tid=15808
#
# JRE version: Java(TM) SE Runtime Environment (8.0_66-b17) (build 1.8.0_66-b17)
# Java VM: Java HotSpot(TM) 64-Bit Server VM (25.66-b17 mixed mode windows-amd64 compressed oops)
# Failed to write core dump. Minidumps are not enabled by default on client versions of Windows
#

---------------  T H R E A D  ---------------

Current thread (0x000000001693a800):  JavaThread "C2 CompilerThread0" daemon [_thread_in_native, id=15808, stack(0x0000000018060000,0x0000000018160000)]

Stack: [0x0000000018060000,0x0000000018160000]
[error occurred during error reporting (printing stack bounds), id 0xc0000005]

Native frames: (J=compiled Java code, j=interpreted, Vv=VM code, C=native code)


Current CompileTask:
C2:   3270 1555 %     4       com.android.dx.dex.code.OutputFinisher::getAllConstants @ 18 (47 bytes)


---------------  P R O C E S S  ---------------

Java Threads: ( => current thread )
  0x0000000016afb000 JavaThread "pool-1-thread-1" [_thread_blocked, id=16108, stack(0x0000000018880000,0x0000000018980000)]
  0x0000000016a05800 JavaThread "Service Thread" daemon [_thread_blocked, id=15696, stack(0x00000000185b0000,0x00000000186b0000)]
  0x000000001694e800 JavaThread "C1 CompilerThread3" daemon [_thread_blocked, id=3808, stack(0x00000000181d0000,0x00000000182d0000)]
  0x0000000016943800 JavaThread "C2 CompilerThread2" daemon [_thread_blocked, id=8572, stack(0x0000000018470000,0x0000000018570000)]
  0x0000000016940800 JavaThread "C2 CompilerThread1" daemon [_thread_in_native, id=15648, stack(0x00000000182d0000,0x00000000183d0000)]
=>0x000000001693a800 JavaThread "C2 CompilerThread0" daemon [_thread_in_native, id=15808, stack(0x0000000018060000,0x0000000018160000)]
  0x0000000016939000 JavaThread "Attach Listener" daemon [_thread_blocked, id=15032, stack(0x0000000017f10000,0x0000000018010000)]
  0x0000000016948800 JavaThread "Signal Dispatcher" daemon [_thread_blocked, id=2316, stack(0x0000000017d80000,0x0000000017e80000)]
  0x000000001599c000 JavaThread "Finalizer" daemon [_thread_blocked, id=12964, stack(0x0000000017c40000,0x0000000017d40000)]
  0x0000000015994800 JavaThread "Reference Handler" daemon [_thread_blocked, id=15196, stack(0x0000000017890000,0x0000000017990000)]
  0x000000000218f800 JavaThread "main" [_thread_blocked, id=14556, stack(0x0000000002340000,0x0000000002440000)]

Other Threads:
  0x00000000168f0800 VMThread [stack: 0x00000000179d0000,0x0000000017ad0000] [id=14908]
  0x0000000016a0a800 WatcherThread [stack: 0x0000000018720000,0x0000000018820000] [id=3284]

VM state:at safepoint (normal execution)

VM Mutex/Monitor currently owned by a thread:  ([mutex/lock_event])
[0x000000000218dbd0] Threads_lock - owner thread: 0x00000000168f0800
[0x000000000218e0d0] Heap_lock - owner thread: 0x0000000016afb000

Heap:
 PSYoungGen      total 76288K, used 45626K [0x00000000eab00000, 0x00000000f0000000, 0x0000000100000000)
  eden space 65536K, 53% used [0x00000000eab00000,0x00000000ecd12f88,0x00000000eeb00000)
  from space 10752K, 99% used [0x00000000eeb00000,0x00000000ef57bbe0,0x00000000ef580000)
  to   space 10752K, 0% used [0x00000000ef580000,0x00000000ef580000,0x00000000f0000000)
 ParOldGen       total 175104K, used 52310K [0x00000000c0000000, 0x00000000cab00000, 0x00000000eab00000)
  object space 175104K, 29% used [0x00000000c0000000,0x00000000c3315848,0x00000000cab00000)
 Metaspace       used 6131K, capacity 7280K, committed 7552K, reserved 1056768K
  class space    used 598K, capacity 616K, committed 640K, reserved 1048576K

Card table byte_map: [0x0000000011b70000,0x0000000011d80000] byte_map_base: 0x0000000011570000

Marking Bits: (ParMarkBitMap*) 0x000000007024a5b0
 Begin Bits: [0x0000000012db0000, 0x0000000013db0000)
 End Bits:   [0x0000000013db0000, 0x0000000014db0000)

Polling page: 0x00000000003d0000

CodeCache: size=245760Kb used=7584Kb max_used=7584Kb free=238175Kb
 bounds [0x00000000027b0000, 0x0000000002f20000, 0x00000000117b0000]
 total_blobs=2075 nmethods=1812 adapters=176
 compilation: enabled

Compilation events (10 events):
Event: 3.254 Thread 0x000000001694e800 1886       3       com.android.dx.dex.file.StringDataItem::writeTo0 (103 bytes)
Event: 3.255 Thread 0x000000001694e800 nmethod 1886 0x0000000002f19c50 code [0x0000000002f19f80, 0x0000000002f1b8a8]
Event: 3.255 Thread 0x000000001694e800 1887       3       com.android.dx.util.ByteArray::getBytes (39 bytes)
Event: 3.256 Thread 0x000000001694e800 nmethod 1887 0x0000000002f1c610 code [0x0000000002f1c7a0, 0x0000000002f1cad8]
Event: 3.256 Thread 0x000000001694e800 1888       3       com.android.dx.util.ByteArrayAnnotatedOutput::write (61 bytes)
Event: 3.256 Thread 0x000000001694e800 nmethod 1888 0x0000000002f1cc10 code [0x0000000002f1cdc0, 0x0000000002f1d288]
Event: 3.257 Thread 0x000000001694e800 1890       3       java.util.zip.ZipFile$ZipFileInflaterInputStream::fill (80 bytes)
Event: 3.257 Thread 0x000000001694e800 nmethod 1890 0x0000000002f1d490 code [0x0000000002f1d620, 0x0000000002f1d9e8]
Event: 3.257 Thread 0x000000001694e800 1891   !   3       java.util.zip.ZipFile$ZipFileInputStream::read (131 bytes)
Event: 3.258 Thread 0x000000001694e800 nmethod 1891 0x0000000002f1dbd0 code [0x0000000002f1dda0, 0x0000000002f1e628]

GC Heap History (7 events):
Event: 0.722 GC heap before
{Heap before GC invocations=1 (full 0):
 PSYoungGen      total 76288K, used 65536K [0x00000000eab00000, 0x00000000f0000000, 0x0000000100000000)
  eden space 65536K, 100% used [0x00000000eab00000,0x00000000eeb00000,0x00000000eeb00000)
  from space 10752K, 0% used [0x00000000ef580000,0x00000000ef580000,0x00000000f0000000)
  to   space 10752K, 0% used [0x00000000eeb00000,0x00000000eeb00000,0x00000000ef580000)
 ParOldGen       total 175104K, used 0K [0x00000000c0000000, 0x00000000cab00000, 0x00000000eab00000)
  object space 175104K, 0% used [0x00000000c0000000,0x00000000c0000000,0x00000000cab00000)
 Metaspace       used 5678K, capacity 6896K, committed 7040K, reserved 1056768K
  class space    used 573K, capacity 616K, committed 640K, reserved 1048576K
Event: 1.071 GC heap after
Heap after GC invocations=1 (full 0):
 PSYoungGen      total 76288K, used 10745K [0x00000000eab00000, 0x00000000f0000000, 0x0000000100000000)
  eden space 65536K, 0% used [0x00000000eab00000,0x00000000eab00000,0x00000000eeb00000)
  from space 10752K, 99% used [0x00000000eeb00000,0x00000000ef57e648,0x00000000ef580000)
  to   space 10752K, 0% used [0x00000000ef580000,0x00000000ef580000,0x00000000f0000000)
 ParOldGen       total 175104K, used 4826K [0x00000000c0000000, 0x00000000cab00000, 0x00000000eab00000)
  object space 175104K, 2% used [0x00000000c0000000,0x00000000c04b6bf0,0x00000000cab00000)
 Metaspace       used 5678K, capacity 6896K, committed 7040K, reserved 1056768K
  class space    used 573K, capacity 616K, committed 640K, reserved 1048576K
}
Event: 1.515 GC heap before
{Heap before GC invocations=2 (full 0):
 PSYoungGen      total 76288K, used 76281K [0x00000000eab00000, 0x00000000f0000000, 0x0000000100000000)
  eden space 65536K, 100% used [0x00000000eab00000,0x00000000eeb00000,0x00000000eeb00000)
  from space 10752K, 99% used [0x00000000eeb00000,0x00000000ef57e648,0x00000000ef580000)
  to   space 10752K, 0% used [0x00000000ef580000,0x00000000ef580000,0x00000000f0000000)
 ParOldGen       total 175104K, used 4826K [0x00000000c0000000, 0x00000000cab00000, 0x00000000eab00000)
  object space 175104K, 2% used [0x00000000c0000000,0x00000000c04b6bf0,0x00000000cab00000)
 Metaspace       used 5720K, capacity 6960K, committed 7040K, reserved 1056768K
  class space    used 575K, capacity 616K, committed 640K, reserved 1048576K
Event: 1.882 GC heap after
Heap after GC invocations=2 (full 0):
 PSYoungGen      total 76288K, used 10734K [0x00000000eab00000, 0x00000000f0000000, 0x0000000100000000)
  eden space 65536K, 0% used [0x00000000eab00000,0x00000000eab00000,0x00000000eeb00000)
  from space 10752K, 99% used [0x00000000ef580000,0x00000000efffbbe0,0x00000000f0000000)
  to   space 10752K, 0% used [0x00000000eeb00000,0x00000000eeb00000,0x00000000ef580000)
 ParOldGen       total 175104K, used 25776K [0x00000000c0000000, 0x00000000cab00000, 0x00000000eab00000)
  object space 175104K, 14% used [0x00000000c0000000,0x00000000c192c278,0x00000000cab00000)
 Metaspace       used 5720K, capacity 6960K, committed 7040K, reserved 1056768K
  class space    used 575K, capacity 616K, committed 640K, reserved 1048576K
}
Event: 2.114 GC heap before
{Heap before GC invocations=3 (full 0):
 PSYoungGen      total 76288K, used 76270K [0x00000000eab00000, 0x00000000f0000000, 0x0000000100000000)
  eden space 65536K, 100% used [0x00000000eab00000,0x00000000eeb00000,0x00000000eeb00000)
  from space 10752K, 99% used [0x00000000ef580000,0x00000000efffbbe0,0x00000000f0000000)
  to   space 10752K, 0% used [0x00000000eeb00000,0x00000000eeb00000,0x00000000ef580000)
 ParOldGen       total 175104K, used 25776K [0x00000000c0000000, 0x00000000cab00000, 0x00000000eab00000)
  object space 175104K, 14% used [0x00000000c0000000,0x00000000c192c278,0x00000000cab00000)
 Metaspace       used 5736K, capacity 6960K, committed 7040K, reserved 1056768K
  class space    used 576K, capacity 616K, committed 640K, reserved 1048576K
Event: 2.343 GC heap after
Heap after GC invocations=3 (full 0):
 PSYoungGen      total 76288K, used 10734K [0x00000000eab00000, 0x00000000f0000000, 0x0000000100000000)
  eden space 65536K, 0% used [0x00000000eab00000,0x00000000eab00000,0x00000000eeb00000)
  from space 10752K, 99% used [0x00000000eeb00000,0x00000000ef57bbe0,0x00000000ef580000)
  to   space 10752K, 0% used [0x00000000ef580000,0x00000000ef580000,0x00000000f0000000)
 ParOldGen       total 175104K, used 52310K [0x00000000c0000000, 0x00000000cab00000, 0x00000000eab00000)
  object space 175104K, 29% used [0x00000000c0000000,0x00000000c3315848,0x00000000cab00000)
 Metaspace       used 5736K, capacity 6960K, committed 7040K, reserved 1056768K
  class space    used 576K, capacity 616K, committed 640K, reserved 1048576K
}
Event: 3.260 GC heap before
{Heap before GC invocations=4 (full 0):
 PSYoungGen      total 76288K, used 45626K [0x00000000eab00000, 0x00000000f0000000, 0x0000000100000000)
  eden space 65536K, 53% used [0x00000000eab00000,0x00000000ecd12f88,0x00000000eeb00000)
  from space 10752K, 99% used [0x00000000eeb00000,0x00000000ef57bbe0,0x00000000ef580000)
  to   space 10752K, 0% used [0x00000000ef580000,0x00000000ef580000,0x00000000f0000000)
 ParOldGen       total 175104K, used 52310K [0x00000000c0000000, 0x00000000cab00000, 0x00000000eab00000)
  object space 175104K, 29% used [0x00000000c0000000,0x00000000c3315848,0x00000000cab00000)
 Metaspace       used 6131K, capacity 7280K, committed 7552K, reserved 1056768K
  class space    used 598K, capacity 616K, committed 640K, reserved 1048576K

Deoptimization events (10 events):
Event: 3.099 Thread 0x0000000016afb000 Uncommon trap: reason=speculate_class_check action=maybe_recompile pc=0x0000000002b289f0 method=com.android.dx.util.FixedSizeList.equals(Ljava/lang/Object;)Z @ 25
Event: 3.099 Thread 0x0000000016afb000 Uncommon trap: reason=class_check action=maybe_recompile pc=0x0000000002abfdcc method=java.util.Arrays.equals([Ljava/lang/Object;[Ljava/lang/Object;)Z @ 62
Event: 3.099 Thread 0x0000000016afb000 Uncommon trap: reason=speculate_class_check action=maybe_recompile pc=0x0000000002b289f0 method=com.android.dx.util.FixedSizeList.equals(Ljava/lang/Object;)Z @ 25
Event: 3.099 Thread 0x0000000016afb000 Uncommon trap: reason=class_check action=maybe_recompile pc=0x0000000002abfdcc method=java.util.Arrays.equals([Ljava/lang/Object;[Ljava/lang/Object;)Z @ 62
Event: 3.099 Thread 0x0000000016afb000 Uncommon trap: reason=speculate_class_check action=maybe_recompile pc=0x0000000002b289f0 method=com.android.dx.util.FixedSizeList.equals(Ljava/lang/Object;)Z @ 25
Event: 3.099 Thread 0x0000000016afb000 Uncommon trap: reason=unstable_if action=reinterpret pc=0x0000000002abfe00 method=java.util.Arrays.equals([Ljava/lang/Object;[Ljava/lang/Object;)Z @ 23
Event: 3.101 Thread 0x0000000016afb000 Uncommon trap: reason=speculate_class_check action=maybe_recompile pc=0x0000000002b289f0 method=com.android.dx.util.FixedSizeList.equals(Ljava/lang/Object;)Z @ 25
Event: 3.101 Thread 0x0000000016afb000 Uncommon trap: reason=unstable_if action=reinterpret pc=0x0000000002e0b27c method=java.util.TreeMap.put(Ljava/lang/Object;Ljava/lang/Object;)Ljava/lang/Object; @ 163
Event: 3.111 Thread 0x0000000016afb000 Uncommon trap: reason=unstable_if action=reinterpret pc=0x0000000002e3fcbc method=com.android.dx.dex.code.OutputFinisher.findOpcodeForInsn(Lcom/android/dx/dex/code/DalvInsn;Lcom/android/dx/dex/code/Dop;)Lcom/android/dx/dex/code/Dop; @ 1
Event: 3.140 Thread 0x0000000016afb000 Uncommon trap: reason=unstable_if action=reinterpret pc=0x0000000002e9defc method=com.android.dx.dex.code.LocalList$MakeState.snapshot(ILcom/android/dx/rop/code/RegisterSpecSet;)V @ 51

Internal exceptions (3 events):
Event: 0.035 Thread 0x000000000218f800 Exception <a 'java/lang/NoSuchMethodError': Method sun.misc.Unsafe.defineClass(Ljava/lang/String;[BII)Ljava/lang/Class; name or signature does not match> (0x00000000eab13098) thrown at [C:\re\workspace\8-2-build-windows-amd64-cygwin\jdk8u66\4988\hotspot\srRjúk×¡?
Event: 0.035 Thread 0x000000000218f800 Exception <a 'java/lang/NoSuchMethodError': Method sun.misc.Unsafe.prefetchRead(Ljava/lang/Object;J)V name or signature does not match> (0x00000000eab13380) thrown at [C:\re\workspace\8-2-build-windows-amd64-cygwin\jdk8u66\4988\hotspot\src\share\vm\prims\j¾¨Ü`ÄiÚ?
Event: 0.413 Thread 0x0000000016b0e000 Implicit null exception at 0x0000000002a28656 to 0x0000000002a2a1c5

Events (10 events):
Event: 3.199 loading class com/android/dex/EncodedValueCodec done
Event: 3.200 loading class com/android/dx/dex/file/MapItem
Event: 3.200 loading class com/android/dx/dex/file/MapItem done
Event: 3.200 loading class com/android/dx/dex/file/UniformListItem
Event: 3.200 loading class com/android/dx/dex/file/UniformListItem done
Event: 3.203 loading class com/android/dex/DexFormat
Event: 3.203 loading class com/android/dex/DexFormat done
Event: 3.257 loading class com/android/dx/dex/file/AnnotationItem$1
Event: 3.257 loading class com/android/dx/dex/file/AnnotationItem$1 done
Event: 3.260 Executing VM operation: CollectForMetadataAllocation


Dynamic libraries:
0x000000013f7d0000 - 0x000000013f807000 	C:\Program Files\Java\jdk1.8.0_66\bin\java.exe
0x0000000076f60000 - 0x0000000077109000 	C:\Windows\SYSTEM32\ntdll.dll
0x0000000076e40000 - 0x0000000076f5f000 	C:\Windows\system32\kernel32.dll
0x000007fefcf60000 - 0x000007fefcfcc000 	C:\Windows\system32\KERNELBASE.dll
0x00000000617a0000 - 0x0000000061851000 	C:\Program Files\Bitdefender\Bitdefender 2016\Active Virus Control\Avc3_00360_004\avcuf64.dll
0x000007fefd0d0000 - 0x000007fefd1ab000 	C:\Windows\system32\ADVAPI32.dll
0x000007fefdd50000 - 0x000007fefddef000 	C:\Windows\system32\msvcrt.dll
0x000007fefef70000 - 0x000007fefef8f000 	C:\Windows\SYSTEM32\sechost.dll
0x000007feff060000 - 0x000007feff18d000 	C:\Windows\system32\RPCRT4.dll
0x0000000076d40000 - 0x0000000076e3a000 	C:\Windows\system32\USER32.dll
0x000007fefdce0000 - 0x000007fefdd47000 	C:\Windows\system32\GDI32.dll
0x000007fefd800000 - 0x000007fefd80e000 	C:\Windows\system32\LPK.dll
0x000007fefef90000 - 0x000007feff059000 	C:\Windows\system32\USP10.dll
0x000007fef9bd0000 - 0x000007fef9dc4000 	C:\Windows\WinSxS\amd64_microsoft.windows.common-controls_6595b64144ccf1df_6.0.7601.18837_none_fa3b1e3d17594757\COMCTL32.dll
0x000007fefd1b0000 - 0x000007fefd221000 	C:\Windows\system32\SHLWAPI.dll
0x000007fefd4f0000 - 0x000007fefd51e000 	C:\Windows\system32\IMM32.DLL
0x000007fefd230000 - 0x000007fefd339000 	C:\Windows\system32\MSCTF.dll
0x0000000079310000 - 0x00000000793e2000 	C:\Program Files\Java\jdk1.8.0_66\jre\bin\msvcr100.dll
0x000000006fa40000 - 0x00000000702c9000 	C:\Program Files\Java\jdk1.8.0_66\jre\bin\server\jvm.dll
0x000007fef7610000 - 0x000007fef7619000 	C:\Windows\system32\WSOCK32.dll
0x000007fefd400000 - 0x000007fefd44d000 	C:\Windows\system32\WS2_32.dll
0x000007fefd7f0000 - 0x000007fefd7f8000 	C:\Windows\system32\NSI.dll
0x000007fefbc50000 - 0x000007fefbc8b000 	C:\Windows\system32\WINMM.dll
0x000007fefbc20000 - 0x000007fefbc2c000 	C:\Windows\system32\VERSION.dll
0x0000000077130000 - 0x0000000077137000 	C:\Windows\system32\PSAPI.DLL
0x000000006a910000 - 0x000000006a91f000 	C:\Program Files\Java\jdk1.8.0_66\jre\bin\verify.dll
0x0000000053450000 - 0x0000000053479000 	C:\Program Files\Java\jdk1.8.0_66\jre\bin\java.dll
0x0000000053430000 - 0x0000000053446000 	C:\Program Files\Java\jdk1.8.0_66\jre\bin\zip.dll
0x000007fefddf0000 - 0x000007fefeb79000 	C:\Windows\system32\SHELL32.dll
0x000007fefdad0000 - 0x000007fefdcd3000 	C:\Windows\system32\ole32.dll
0x000007fefcd20000 - 0x000007fefcd2f000 	C:\Windows\system32\profapi.dll

VM Arguments:
jvm_args: -Djava.awt.headless=true -Xmx1024M -Dfile.encoding=windows-1250 -Duser.country=US -Duser.language=en -Duser.variant 
java_command: com.android.dx.command.Main --dex --force-jumbo --num-threads=4 --multi-dex --output D:\AppDev\Zag-App\Doctor\LittleDotDoctor\app\build\intermediates\transforms\dex\debug\folders\1000\5\slice_9 D:\AppDev\Zag-App\Doctor\LittleDotDoctor\app\build\intermediates\transforms\instantRunSlicer\debug\folders\1\5\slice_9
java_class_path (initial): C:\Android\sdk\build-tools\23.0.1\lib\dx.jar
Launcher Type: SUN_STANDARD

Environment Variables:
JAVA_HOME=C:\Program Files\Java\jdk1.8.0_66
PATH=C:\Windows\system32;C:\Windows;C:\Windows\system32\wbem;C:\ProgramData\Oracle\Java\javapath;C:\Program Files (x86)\Common Files\Intel\Shared Files\cpp\bin\Intel64;C:\Program Files (x86)\Kingston SSD Toolbox;C:\Program Files (x86)\Intel\iCLS Client;C:\Program Files\Intel\iCLS Client;C:\Windows\System32\WindowsPowerShell\v1.0;C:\Program Files\Intel\Intel(R) Management Engine Components\DAL;C:\Program Files\Intel\Intel(R) Management Engine Components\IPT;C:\Program Files (x86)\Intel\Intel(R) Management Engine Components\DAL;C:\Program Files (x86)\Intel\Intel(R) Management Engine Components\IPT;C:\Program Files (x86)\ATI Technologies\ATI.ACE\Core-Static;C:\Program Files\nodejs;C:\Program Files (x86)\Brackets\command;C:\Program Files (x86)\GtkSharp\2.12\bin;C:\Program Files (x86)\GNU\GnuPG\pub;C:\Program Files\Microsoft SQL Server\120\Tools\Binn;C:\Program Files (x86)\Skype\Phone;C:\Program Files (x86)\QuickTime\QTSystem;C:\Program Files\OpenVPN\bin;C:\Program Files (x86)\Heroku\bin;C:\Program Files (x86)\git\cmd;C:\Program Files (x86)\Git\cmd; C:\Program Files\Java\jdk1.8.0_66\bin;C:\Users\User 3\AppData\Roaming\npm; C:\Program Files\Java\jre1.8.0_71\bin;
USERNAME=User 3
LD_LIBRARY_PATH=C:\Program Files (x86)\Kingston SSD Toolbox
OS=Windows_NT
PROCESSOR_IDENTIFIER=Intel64 Family 6 Model 60 Stepping 3, GenuineIntel



---------------  S Y S T E M  ---------------

OS: Windows 7 , 64 bit Build 7601 (6.1.7601.18933)

CPU:total 8 (4 cores per cpu, 2 threads per core) family 6 model 60 stepping 3, cmov, cx8, fxsr, mmx, sse, sse2, sse3, ssse3, sse4.1, sse4.2, popcnt, avx, avx2, aes, clmul, erms, lzcnt, ht, tsc, tscinvbit, bmi1, bmi2

Memory: 4k page, physical 16680504k(2788292k free), swap 16678664k(5108k free)

vm_info: Java HotSpot(TM) 64-Bit Server VM (25.66-b17) for windows-amd64 JRE (1.8.0_66-b17), built on Oct  6 2015 18:55:33 by "java_re" with MS VC++ 10.0 (VS2010)

time: Tue May 31 13:36:16 2016
elapsed time: 3 seconds (0d 0h 0m 3s)

