#
# There is insufficient memory for the Java Runtime Environment to continue.
# Native memory allocation (malloc) failed to allocate 706256 bytes for Chunk::new
# Possible reasons:
#   The system is out of physical RAM or swap space
#   In 32 bit mode, the process size limit was hit
# Possible solutions:
#   Reduce memory load on the system
#   Increase physical memory or swap space
#   Check if swap backing store is full
#   Use 64 bit Java on a 64 bit OS
#   Decrease Java heap size (-Xmx/-Xms)
#   Decrease number of Java threads
#   Decrease Java thread stack sizes (-Xss)
#   Set larger code cache with -XX:ReservedCodeCacheSize=
# This output file may be truncated or incomplete.
#
#  Out of Memory Error (allocation.cpp:390), pid=19284, tid=15436
#
# JRE version: Java(TM) SE Runtime Environment (8.0_66-b17) (build 1.8.0_66-b17)
# Java VM: Java HotSpot(TM) 64-Bit Server VM (25.66-b17 mixed mode windows-amd64 compressed oops)
# Failed to write core dump. Minidumps are not enabled by default on client versions of Windows
#

---------------  T H R E A D  ---------------

Current thread (0x000000001669f800):  JavaThread "C2 CompilerThread0" daemon [_thread_in_native, id=15436, stack(0x0000000017d80000,0x0000000017e80000)]

Stack: [0x0000000017d80000,0x0000000017e80000]
[error occurred during error reporting (printing stack bounds), id 0xc0000005]

Native frames: (J=compiled Java code, j=interpreted, Vv=VM code, C=native code)


Current CompileTask:
C2:   3447 1684       4       com.android.dx.rop.code.LocalVariableExtractor::processBlock (327 bytes)


---------------  P R O C E S S  ---------------

Java Threads: ( => current thread )
  0x000000001683f800 JavaThread "pool-2-thread-4" [_thread_blocked, id=16452, stack(0x0000000018a10000,0x0000000018b10000)]
  0x000000001683c800 JavaThread "pool-2-thread-3" [_thread_in_Java, id=16448, stack(0x0000000018840000,0x0000000018940000)]
  0x000000001683c000 JavaThread "pool-2-thread-2" [_thread_blocked, id=18188, stack(0x00000000186f0000,0x00000000187f0000)]
  0x0000000016839000 JavaThread "pool-3-thread-1" [_thread_blocked, id=18624, stack(0x00000000175b0000,0x00000000176b0000)]
  0x0000000016837800 JavaThread "pool-2-thread-1" [_thread_blocked, id=18900, stack(0x00000000185b0000,0x00000000186b0000)]
  0x000000001671c000 JavaThread "Service Thread" daemon [_thread_blocked, id=19152, stack(0x0000000018260000,0x0000000018360000)]
  0x00000000166ae800 JavaThread "C1 CompilerThread3" daemon [_thread_blocked, id=15592, stack(0x00000000180c0000,0x00000000181c0000)]
  0x00000000166ac800 JavaThread "C2 CompilerThread2" daemon [_thread_in_native, id=18876, stack(0x0000000017900000,0x0000000017a00000)]
  0x00000000166a5800 JavaThread "C2 CompilerThread1" daemon [_thread_in_native, id=18664, stack(0x0000000017f40000,0x0000000018040000)]
=>0x000000001669f800 JavaThread "C2 CompilerThread0" daemon [_thread_in_native, id=15436, stack(0x0000000017d80000,0x0000000017e80000)]
  0x000000001669e000 JavaThread "Attach Listener" daemon [_thread_blocked, id=16548, stack(0x0000000017c40000,0x0000000017d40000)]
  0x000000001669c800 JavaThread "Signal Dispatcher" daemon [_thread_blocked, id=1840, stack(0x0000000017b20000,0x0000000017c20000)]
  0x00000000155e6800 JavaThread "Finalizer" daemon [_thread_blocked, id=17832, stack(0x0000000017a00000,0x0000000017b00000)]
  0x00000000155e4800 JavaThread "Reference Handler" daemon [_thread_blocked, id=17768, stack(0x00000000177f0000,0x00000000178f0000)]
  0x000000000032f800 JavaThread "main" [_thread_in_Java, id=10560, stack(0x00000000023d0000,0x00000000024d0000)]

Other Threads:
  0x0000000016650800 VMThread [stack: 0x00000000176d0000,0x00000000177d0000] [id=18996]
  0x0000000016721000 WatcherThread [stack: 0x00000000183e0000,0x00000000184e0000] [id=17804]

VM state:not at safepoint (normal execution)

VM Mutex/Monitor currently owned by a thread: None

Heap:
 PSYoungGen      total 272896K, used 21971K [0x00000000eab00000, 0x0000000100000000, 0x0000000100000000)
  eden space 262144K, 4% used [0x00000000eab00000,0x00000000eb5f8200,0x00000000fab00000)
  from space 10752K, 99% used [0x00000000fab00000,0x00000000fb57cd28,0x00000000fb580000)
  to   space 48128K, 0% used [0x00000000fd100000,0x00000000fd100000,0x0000000100000000)
 ParOldGen       total 175104K, used 93033K [0x00000000c0000000, 0x00000000cab00000, 0x00000000eab00000)
  object space 175104K, 53% used [0x00000000c0000000,0x00000000c5ada448,0x00000000cab00000)
 Metaspace       used 5917K, capacity 7152K, committed 7296K, reserved 1056768K
  class space    used 577K, capacity 616K, committed 640K, reserved 1048576K

Card table byte_map: [0x0000000011b60000,0x0000000011d70000] byte_map_base: 0x0000000011560000

Marking Bits: (ParMarkBitMap*) 0x000000007097a5b0
 Begin Bits: [0x0000000012a00000, 0x0000000013a00000)
 End Bits:   [0x0000000013a00000, 0x0000000014a00000)

Polling page: 0x00000000002d0000

CodeCache: size=245760Kb used=8361Kb max_used=8375Kb free=237398Kb
 bounds [0x00000000027a0000, 0x0000000002fe0000, 0x00000000117a0000]
 total_blobs=2063 nmethods=1801 adapters=175
 compilation: enabled

Compilation events (10 events):
Event: 3.383 Thread 0x00000000166ae800 1892 %     3       com.android.dx.cf.cst.ConstantPoolParser::parse @ 96 (365 bytes)
Event: 3.385 Thread 0x00000000166ae800 nmethod 1892% 0x0000000002f8e790 code [0x0000000002f8ed20, 0x0000000002f922a8]
Event: 3.385 Thread 0x00000000166ae800 1899 %     3       com.android.dx.cf.code.SwitchList::removeSuperfluousDefaults @ 46 (149 bytes)
Event: 3.386 Thread 0x00000000166ae800 nmethod 1899% 0x0000000002ed4f90 code [0x0000000002ed51c0, 0x0000000002ed5ed8]
Event: 3.398 Thread 0x00000000166a5800 nmethod 1895 0x0000000002fb9c50 code [0x0000000002fb9e20, 0x0000000002fba990]
Event: 3.398 Thread 0x00000000166a5800 1886 %     4       com.android.dx.ssa.SsaMethod::getUseListCopy @ 24 (56 bytes)
Event: 3.407 Thread 0x00000000166a5800 nmethod 1886% 0x0000000002f8d950 code [0x0000000002f8dac0, 0x0000000002f8e2f8]
Event: 3.407 Thread 0x00000000166a5800 1894 %     4       com.android.dx.ssa.DeadCodeRemover::pruneDeadInstructions @ 26 (246 bytes)
Event: 3.442 Thread 0x00000000166ac800 nmethod 1053 0x0000000002fd64d0 code [0x0000000002fd69e0, 0x0000000002fd9ba0]
Event: 3.442 Thread 0x00000000166ac800 1887       4       com.android.dx.rop.code.RegisterSpecList::withFirst (64 bytes)

GC Heap History (10 events):
Event: 0.705 GC heap before
{Heap before GC invocations=1 (full 0):
 PSYoungGen      total 76288K, used 65536K [0x00000000eab00000, 0x00000000f0000000, 0x0000000100000000)
  eden space 65536K, 100% used [0x00000000eab00000,0x00000000eeb00000,0x00000000eeb00000)
  from space 10752K, 0% used [0x00000000ef580000,0x00000000ef580000,0x00000000f0000000)
  to   space 10752K, 0% used [0x00000000eeb00000,0x00000000eeb00000,0x00000000ef580000)
 ParOldGen       total 175104K, used 0K [0x00000000c0000000, 0x00000000cab00000, 0x00000000eab00000)
  object space 175104K, 0% used [0x00000000c0000000,0x00000000c0000000,0x00000000cab00000)
 Metaspace       used 5697K, capacity 6960K, committed 7040K, reserved 1056768K
  class space    used 575K, capacity 616K, committed 640K, reserved 1048576K
Event: 0.801 GC heap after
Heap after GC invocations=1 (full 0):
 PSYoungGen      total 76288K, used 10736K [0x00000000eab00000, 0x00000000f4000000, 0x0000000100000000)
  eden space 65536K, 0% used [0x00000000eab00000,0x00000000eab00000,0x00000000eeb00000)
  from space 10752K, 99% used [0x00000000eeb00000,0x00000000ef57c320,0x00000000ef580000)
  to   space 10752K, 0% used [0x00000000f3580000,0x00000000f3580000,0x00000000f4000000)
 ParOldGen       total 175104K, used 601K [0x00000000c0000000, 0x00000000cab00000, 0x00000000eab00000)
  object space 175104K, 0% used [0x00000000c0000000,0x00000000c00966d0,0x00000000cab00000)
 Metaspace       used 5697K, capacity 6960K, committed 7040K, reserved 1056768K
  class space    used 575K, capacity 616K, committed 640K, reserved 1048576K
}
Event: 1.046 GC heap before
{Heap before GC invocations=2 (full 0):
 PSYoungGen      total 76288K, used 76272K [0x00000000eab00000, 0x00000000f4000000, 0x0000000100000000)
  eden space 65536K, 100% used [0x00000000eab00000,0x00000000eeb00000,0x00000000eeb00000)
  from space 10752K, 99% used [0x00000000eeb00000,0x00000000ef57c320,0x00000000ef580000)
  to   space 10752K, 0% used [0x00000000f3580000,0x00000000f3580000,0x00000000f4000000)
 ParOldGen       total 175104K, used 601K [0x00000000c0000000, 0x00000000cab00000, 0x00000000eab00000)
  object space 175104K, 0% used [0x00000000c0000000,0x00000000c00966d0,0x00000000cab00000)
 Metaspace       used 5772K, capacity 7024K, committed 7296K, reserved 1056768K
  class space    used 577K, capacity 616K, committed 640K, reserved 1048576K
Event: 1.123 GC heap after
Heap after GC invocations=2 (full 0):
 PSYoungGen      total 141824K, used 10722K [0x00000000eab00000, 0x00000000f4000000, 0x0000000100000000)
  eden space 131072K, 0% used [0x00000000eab00000,0x00000000eab00000,0x00000000f2b00000)
  from space 10752K, 99% used [0x00000000f3580000,0x00000000f3ff8938,0x00000000f4000000)
  to   space 10752K, 0% used [0x00000000f2b00000,0x00000000f2b00000,0x00000000f3580000)
 ParOldGen       total 175104K, used 20901K [0x00000000c0000000, 0x00000000cab00000, 0x00000000eab00000)
  object space 175104K, 11% used [0x00000000c0000000,0x00000000c1469448,0x00000000cab00000)
 Metaspace       used 5772K, capacity 7024K, committed 7296K, reserved 1056768K
  class space    used 577K, capacity 616K, committed 640K, reserved 1048576K
}
Event: 1.553 GC heap before
{Heap before GC invocations=3 (full 0):
 PSYoungGen      total 141824K, used 141794K [0x00000000eab00000, 0x00000000f4000000, 0x0000000100000000)
  eden space 131072K, 100% used [0x00000000eab00000,0x00000000f2b00000,0x00000000f2b00000)
  from space 10752K, 99% used [0x00000000f3580000,0x00000000f3ff8938,0x00000000f4000000)
  to   space 10752K, 0% used [0x00000000f2b00000,0x00000000f2b00000,0x00000000f3580000)
 ParOldGen       total 175104K, used 20901K [0x00000000c0000000, 0x00000000cab00000, 0x00000000eab00000)
  object space 175104K, 11% used [0x00000000c0000000,0x00000000c1469448,0x00000000cab00000)
 Metaspace       used 5833K, capacity 7088K, committed 7296K, reserved 1056768K
  class space    used 577K, capacity 616K, committed 640K, reserved 1048576K
Event: 1.910 GC heap after
Heap after GC invocations=3 (full 0):
 PSYoungGen      total 141824K, used 10721K [0x00000000eab00000, 0x00000000fc000000, 0x0000000100000000)
  eden space 131072K, 0% used [0x00000000eab00000,0x00000000eab00000,0x00000000f2b00000)
  from space 10752K, 99% used [0x00000000f2b00000,0x00000000f35785d0,0x00000000f3580000)
  to   space 10752K, 0% used [0x00000000fb580000,0x00000000fb580000,0x00000000fc000000)
 ParOldGen       total 175104K, used 45914K [0x00000000c0000000, 0x00000000cab00000, 0x00000000eab00000)
  object space 175104K, 26% used [0x00000000c0000000,0x00000000c2cd6910,0x00000000cab00000)
 Metaspace       used 5833K, capacity 7088K, committed 7296K, reserved 1056768K
  class space    used 577K, capacity 616K, committed 640K, reserved 1048576K
}
Event: 2.222 GC heap before
{Heap before GC invocations=4 (full 0):
 PSYoungGen      total 141824K, used 141793K [0x00000000eab00000, 0x00000000fc000000, 0x0000000100000000)
  eden space 131072K, 100% used [0x00000000eab00000,0x00000000f2b00000,0x00000000f2b00000)
  from space 10752K, 99% used [0x00000000f2b00000,0x00000000f35785d0,0x00000000f3580000)
  to   space 10752K, 0% used [0x00000000fb580000,0x00000000fb580000,0x00000000fc000000)
 ParOldGen       total 175104K, used 45914K [0x00000000c0000000, 0x00000000cab00000, 0x00000000eab00000)
  object space 175104K, 26% used [0x00000000c0000000,0x00000000c2cd6910,0x00000000cab00000)
 Metaspace       used 5911K, capacity 7088K, committed 7296K, reserved 1056768K
  class space    used 577K, capacity 616K, committed 640K, reserved 1048576K
Event: 2.342 GC heap after
Heap after GC invocations=4 (full 0):
 PSYoungGen      total 272896K, used 10741K [0x00000000eab00000, 0x00000000fc000000, 0x0000000100000000)
  eden space 262144K, 0% used [0x00000000eab00000,0x00000000eab00000,0x00000000fab00000)
  from space 10752K, 99% used [0x00000000fb580000,0x00000000fbffd6f0,0x00000000fc000000)
  to   space 10752K, 0% used [0x00000000fab00000,0x00000000fab00000,0x00000000fb580000)
 ParOldGen       total 175104K, used 68977K [0x00000000c0000000, 0x00000000cab00000, 0x00000000eab00000)
  object space 175104K, 39% used [0x00000000c0000000,0x00000000c435c780,0x00000000cab00000)
 Metaspace       used 5911K, capacity 7088K, committed 7296K, reserved 1056768K
  class space    used 577K, capacity 616K, committed 640K, reserved 1048576K
}
Event: 3.241 GC heap before
{Heap before GC invocations=5 (full 0):
 PSYoungGen      total 272896K, used 272885K [0x00000000eab00000, 0x00000000fc000000, 0x0000000100000000)
  eden space 262144K, 100% used [0x00000000eab00000,0x00000000fab00000,0x00000000fab00000)
  from space 10752K, 99% used [0x00000000fb580000,0x00000000fbffd6f0,0x00000000fc000000)
  to   space 10752K, 0% used [0x00000000fab00000,0x00000000fab00000,0x00000000fb580000)
 ParOldGen       total 175104K, used 68977K [0x00000000c0000000, 0x00000000cab00000, 0x00000000eab00000)
  object space 175104K, 39% used [0x00000000c0000000,0x00000000c435c780,0x00000000cab00000)
 Metaspace       used 5917K, capacity 7152K, committed 7296K, reserved 1056768K
  class space    used 577K, capacity 616K, committed 640K, reserved 1048576K
Event: 3.361 GC heap after
Heap after GC invocations=5 (full 0):
 PSYoungGen      total 272896K, used 10739K [0x00000000eab00000, 0x0000000100000000, 0x0000000100000000)
  eden space 262144K, 0% used [0x00000000eab00000,0x00000000eab00000,0x00000000fab00000)
  from space 10752K, 99% used [0x00000000fab00000,0x00000000fb57cd28,0x00000000fb580000)
  to   space 48128K, 0% used [0x00000000fd100000,0x00000000fd100000,0x0000000100000000)
 ParOldGen       total 175104K, used 93033K [0x00000000c0000000, 0x00000000cab00000, 0x00000000eab00000)
  object space 175104K, 53% used [0x00000000c0000000,0x00000000c5ada448,0x00000000cab00000)
 Metaspace       used 5917K, capacity 7152K, committed 7296K, reserved 1056768K
  class space    used 577K, capacity 616K, committed 640K, reserved 1048576K
}

Deoptimization events (10 events):
Event: 1.170 Thread 0x0000000016837800 Uncommon trap: reason=unstable_if action=reinterpret pc=0x0000000002c2f114 method=com.android.dx.rop.code.RegisterSpecSet.localItemToSpec(Lcom/android/dx/rop/code/LocalItem;)Lcom/android/dx/rop/code/RegisterSpec; @ 35
Event: 1.267 Thread 0x000000001683f800 Uncommon trap: reason=class_check action=maybe_recompile pc=0x0000000002cd3388 method=com.android.dx.cf.code.BaseMachine.addResult(Lcom/android/dx/rop/type/TypeBearer;)V @ 23
Event: 1.267 Thread 0x000000001683f800 Uncommon trap: reason=class_check action=maybe_recompile pc=0x0000000002db8450 method=com.android.dx.cf.code.RopperMachine.run(Lcom/android/dx/cf/code/Frame;II)V @ 310
Event: 1.269 Thread 0x000000001683f800 Uncommon trap: reason=unstable_if action=reinterpret pc=0x0000000002db8dd0 method=com.android.dx.cf.code.Ropper.isSynchronized()Z @ 12
Event: 1.274 Thread 0x0000000016837800 Uncommon trap: reason=unstable_if action=reinterpret pc=0x0000000002b999f4 method=com.android.dx.ssa.SsaRenamer$BlockRenamer.visitMoveInsn(Lcom/android/dx/ssa/NormalSsaInsn;)V @ 104
Event: 1.288 Thread 0x000000001683f800 Uncommon trap: reason=bimorphic action=maybe_recompile pc=0x00000000029ce320 method=java.util.HashMap.getNode(ILjava/lang/Object;)Ljava/util/HashMap$Node; @ 126
Event: 1.938 Thread 0x000000001683c000 Uncommon trap: reason=unstable_if action=reinterpret pc=0x0000000002e3eb24 method=com.android.dx.ssa.SsaBasicBlock.scheduleMovesFromPhis()V @ 63
Event: 2.075 Thread 0x000000001683f800 Uncommon trap: reason=unstable_if action=reinterpret pc=0x0000000002d15f78 method=com.android.dx.cf.code.BytecodeArray.parseInstruction(ILcom/android/dx/cf/code/BytecodeArray$Visitor;)I @ 1261
Event: 2.862 Thread 0x0000000016837800 Uncommon trap: reason=bimorphic action=maybe_recompile pc=0x00000000029cc4c8 method=java.util.HashMap.getNode(ILjava/lang/Object;)Ljava/util/HashMap$Node; @ 126
Event: 2.862 Thread 0x0000000016837800 Uncommon trap: reason=class_check action=maybe_recompile pc=0x0000000002b23ea8 method=java.util.HashMap.putVal(ILjava/lang/Object;Ljava/lang/Object;ZZ)Ljava/lang/Object; @ 203

Internal exceptions (4 events):
Event: 0.041 Thread 0x000000000032f800 Exception <a 'java/lang/NoSuchMethodError': Method sun.misc.Unsafe.defineClass(Ljava/lang/String;[BII)Ljava/lang/Class; name or signature does not match> (0x00000000eab13098) thrown at [C:\re\workspace\8-2-build-windows-amd64-cygwin\jdk8u66\4988\hotspot\sr+ñ—^^Û§?
Event: 0.041 Thread 0x000000000032f800 Exception <a 'java/lang/NoSuchMethodError': Method sun.misc.Unsafe.prefetchRead(Ljava/lang/Object;J)V name or signature does not match> (0x00000000eab13380) thrown at [C:\re\workspace\8-2-build-windows-amd64-cygwin\jdk8u66\4988\hotspot\src\share\vm\prims\j⁄ù°œò€?
Event: 0.431 Thread 0x000000001683c000 Implicit null exception at 0x0000000002a0ca82 to 0x0000000002a0e795
Event: 0.476 Thread 0x000000001683f800 Implicit null exception at 0x0000000002a3343a to 0x0000000002a354d9

Events (10 events):
Event: 3.055 Thread 0x0000000016837800 DEOPT PACKING pc=0x0000000002ce516c sp=0x00000000186ae8e0
Event: 3.055 Thread 0x0000000016837800 DEOPT UNPACKING pc=0x00000000027e787f sp=0x00000000186ae660 mode 0
Event: 3.086 Thread 0x0000000016837800 DEOPT PACKING pc=0x0000000002d89eda sp=0x00000000186ae8c0
Event: 3.086 Thread 0x0000000016837800 DEOPT UNPACKING pc=0x00000000027e787f sp=0x00000000186ae620 mode 0
Event: 3.241 Executing VM operation: ParallelGCFailedAllocation
Event: 3.361 Executing VM operation: ParallelGCFailedAllocation done
Event: 3.374 Thread 0x000000000032f800 DEOPT PACKING pc=0x00000000028dbeb0 sp=0x00000000024cdf10
Event: 3.374 Thread 0x000000000032f800 DEOPT UNPACKING pc=0x00000000027e787f sp=0x00000000024cdc80 mode 0
Event: 3.376 Thread 0x000000001683c800 DEOPT PACKING pc=0x0000000002ce5183 sp=0x000000001893e8b0
Event: 3.376 Thread 0x000000001683c800 DEOPT UNPACKING pc=0x00000000027e787f sp=0x000000001893e630 mode 0


Dynamic libraries:
0x000000013f370000 - 0x000000013f3a7000 	C:\Program Files\Java\jdk1.8.0_66\bin\java.exe
0x0000000077820000 - 0x00000000779c9000 	C:\Windows\SYSTEM32\ntdll.dll
0x0000000077600000 - 0x000000007771f000 	C:\Windows\system32\kernel32.dll
0x000007fefd920000 - 0x000007fefd98c000 	C:\Windows\system32\KERNELBASE.dll
0x0000000052c40000 - 0x0000000052cf1000 	C:\Program Files\Bitdefender\Bitdefender 2016\Active Virus Control\Avc3_00361_005\avcuf64.dll
0x000007fefdd50000 - 0x000007fefde2b000 	C:\Windows\system32\ADVAPI32.dll
0x000007feff170000 - 0x000007feff20f000 	C:\Windows\system32\msvcrt.dll
0x000007fefe080000 - 0x000007fefe09f000 	C:\Windows\SYSTEM32\sechost.dll
0x000007feffa00000 - 0x000007feffb2d000 	C:\Windows\system32\RPCRT4.dll
0x0000000077720000 - 0x000000007781a000 	C:\Windows\system32\USER32.dll
0x000007fefdf00000 - 0x000007fefdf67000 	C:\Windows\system32\GDI32.dll
0x000007feff290000 - 0x000007feff29e000 	C:\Windows\system32\LPK.dll
0x000007fefde30000 - 0x000007fefdef9000 	C:\Windows\system32\USP10.dll
0x000007fefa490000 - 0x000007fefa684000 	C:\Windows\WinSxS\amd64_microsoft.windows.common-controls_6595b64144ccf1df_6.0.7601.18837_none_fa3b1e3d17594757\COMCTL32.dll
0x000007fefd990000 - 0x000007fefda01000 	C:\Windows\system32\SHLWAPI.dll
0x000007feff9d0000 - 0x000007feff9fe000 	C:\Windows\system32\IMM32.DLL
0x000007fefdf70000 - 0x000007fefe079000 	C:\Windows\system32\MSCTF.dll
0x00000000796a0000 - 0x0000000079772000 	C:\Program Files\Java\jdk1.8.0_66\jre\bin\msvcr100.dll
0x0000000070170000 - 0x00000000709f9000 	C:\Program Files\Java\jdk1.8.0_66\jre\bin\server\jvm.dll
0x000007fef7ed0000 - 0x000007fef7ed9000 	C:\Windows\system32\WSOCK32.dll
0x000007feff380000 - 0x000007feff3cd000 	C:\Windows\system32\WS2_32.dll
0x000007fefe0a0000 - 0x000007fefe0a8000 	C:\Windows\system32\NSI.dll
0x000007fefc510000 - 0x000007fefc54b000 	C:\Windows\system32\WINMM.dll
0x000007fefc4e0000 - 0x000007fefc4ec000 	C:\Windows\system32\VERSION.dll
0x00000000779f0000 - 0x00000000779f7000 	C:\Windows\system32\PSAPI.DLL
0x0000000052bb0000 - 0x0000000052bbf000 	C:\Program Files\Java\jdk1.8.0_66\jre\bin\verify.dll
0x000000006cfa0000 - 0x000000006cfc9000 	C:\Program Files\Java\jdk1.8.0_66\jre\bin\java.dll
0x0000000070ce0000 - 0x0000000070cf6000 	C:\Program Files\Java\jdk1.8.0_66\jre\bin\zip.dll
0x000007fefe3e0000 - 0x000007feff169000 	C:\Windows\system32\SHELL32.dll
0x000007feff7c0000 - 0x000007feff9c3000 	C:\Windows\system32\ole32.dll
0x000007fefd5d0000 - 0x000007fefd5df000 	C:\Windows\system32\profapi.dll

VM Arguments:
jvm_args: -Djava.awt.headless=true -Xmx1024M -Dfile.encoding=windows-1250 -Duser.country=US -Duser.language=en -Duser.variant 
java_command: com.android.dx.command.Main --dex --force-jumbo --num-threads=4 --multi-dex --output D:\AppDev\Zag-App\Doctor\LittleDotDoctor\app\build\intermediates\transforms\dex\debug\folders\1000\5\slice_5 D:\AppDev\Zag-App\Doctor\LittleDotDoctor\app\build\intermediates\transforms\instantRunSlicer\debug\folders\1\5\slice_5
java_class_path (initial): C:\Android\sdk\build-tools\23.0.1\lib\dx.jar
Launcher Type: SUN_STANDARD

Environment Variables:
JAVA_HOME=C:\Program Files\Java\jdk1.8.0_66
PATH=C:\Windows\system32;C:\Windows;C:\Windows\system32\wbem;C:\ProgramData\Oracle\Java\javapath;C:\Program Files (x86)\Common Files\Intel\Shared Files\cpp\bin\Intel64;C:\Program Files (x86)\Kingston SSD Toolbox;C:\Program Files (x86)\Intel\iCLS Client;C:\Program Files\Intel\iCLS Client;C:\Windows\System32\WindowsPowerShell\v1.0;C:\Program Files\Intel\Intel(R) Management Engine Components\DAL;C:\Program Files\Intel\Intel(R) Management Engine Components\IPT;C:\Program Files (x86)\Intel\Intel(R) Management Engine Components\DAL;C:\Program Files (x86)\Intel\Intel(R) Management Engine Components\IPT;C:\Program Files (x86)\ATI Technologies\ATI.ACE\Core-Static;C:\Program Files\nodejs;C:\Program Files (x86)\Brackets\command;C:\Program Files (x86)\GtkSharp\2.12\bin;C:\Program Files (x86)\GNU\GnuPG\pub;C:\Program Files\Microsoft SQL Server\120\Tools\Binn;C:\Program Files (x86)\Skype\Phone;C:\Program Files (x86)\QuickTime\QTSystem;C:\Program Files\OpenVPN\bin;C:\Program Files (x86)\Heroku\bin;C:\Program Files (x86)\git\cmd;C:\Program Files (x86)\Git\cmd; C:\Program Files\Java\jdk1.8.0_66\bin;C:\Users\User 3\AppData\Roaming\npm; C:\Program Files\Java\jre1.8.0_71\bin;
USERNAME=User 3
LD_LIBRARY_PATH=C:\Program Files (x86)\Kingston SSD Toolbox
OS=Windows_NT
PROCESSOR_IDENTIFIER=Intel64 Family 6 Model 60 Stepping 3, GenuineIntel



---------------  S Y S T E M  ---------------

OS: Windows 7 , 64 bit Build 7601 (6.1.7601.18933)

CPU:total 8 (4 cores per cpu, 2 threads per core) family 6 model 60 stepping 3, cmov, cx8, fxsr, mmx, sse, sse2, sse3, ssse3, sse4.1, sse4.2, popcnt, avx, avx2, aes, clmul, erms, lzcnt, ht, tsc, tscinvbit, bmi1, bmi2

Memory: 4k page, physical 16680504k(2502092k free), swap 16678664k(5124k free)

vm_info: Java HotSpot(TM) 64-Bit Server VM (25.66-b17) for windows-amd64 JRE (1.8.0_66-b17), built on Oct  6 2015 18:55:33 by "java_re" with MS VC++ 10.0 (VS2010)

time: Thu Jun 02 16:42:42 2016
elapsed time: 3 seconds (0d 0h 0m 3s)

