#
# There is insufficient memory for the Java Runtime Environment to continue.
# Native memory allocation (malloc) failed to allocate 1679296 bytes for Chunk::new
# Possible reasons:
#   The system is out of physical RAM or swap space
#   In 32 bit mode, the process size limit was hit
# Possible solutions:
#   Reduce memory load on the system
#   Increase physical memory or swap space
#   Check if swap backing store is full
#   Use 64 bit Java on a 64 bit OS
#   Decrease Java heap size (-Xmx/-Xms)
#   Decrease number of Java threads
#   Decrease Java thread stack sizes (-Xss)
#   Set larger code cache with -XX:ReservedCodeCacheSize=
# This output file may be truncated or incomplete.
#
#  Out of Memory Error (allocation.cpp:390), pid=16584, tid=17972
#
# JRE version: Java(TM) SE Runtime Environment (8.0_66-b17) (build 1.8.0_66-b17)
# Java VM: Java HotSpot(TM) 64-Bit Server VM (25.66-b17 mixed mode windows-amd64 compressed oops)
# Failed to write core dump. Minidumps are not enabled by default on client versions of Windows
#

---------------  T H R E A D  ---------------

Current thread (0x00000000572b0800):  JavaThread "C2 CompilerThread1" daemon [_thread_in_native, id=17972, stack(0x0000000058340000,0x0000000058440000)]

Stack: [0x0000000058340000,0x0000000058440000]
[error occurred during error reporting (printing stack bounds), id 0xc0000005]

Native frames: (J=compiled Java code, j=interpreted, Vv=VM code, C=native code)


Current CompileTask:
C2:   7202 2191   !   4       com.android.dx.cf.code.Ropper::processBlock (1101 bytes)


---------------  P R O C E S S  ---------------

Java Threads: ( => current thread )
  0x0000000057527000 JavaThread "pool-2-thread-4" [_thread_in_Java, id=16724, stack(0x0000000059760000,0x0000000059860000)]
  0x000000005740e800 JavaThread "pool-2-thread-3" [_thread_in_Java, id=12020, stack(0x0000000058d40000,0x0000000058e40000)]
  0x000000005740e000 JavaThread "pool-2-thread-2" [_thread_blocked, id=17848, stack(0x0000000059550000,0x0000000059650000)]
  0x000000005740d000 JavaThread "pool-3-thread-1" [_thread_blocked, id=12992, stack(0x00000000593d0000,0x00000000594d0000)]
  0x0000000057407800 JavaThread "pool-2-thread-1" [_thread_blocked, id=17624, stack(0x0000000059220000,0x0000000059320000)]
  0x0000000057339000 JavaThread "Service Thread" daemon [_thread_blocked, id=17432, stack(0x0000000058670000,0x0000000058770000)]
  0x000000005731d000 JavaThread "C1 CompilerThread3" daemon [_thread_blocked, id=18316, stack(0x0000000058e40000,0x0000000058f40000)]
  0x00000000572b3800 JavaThread "C2 CompilerThread2" daemon [_thread_in_native, id=17748, stack(0x0000000058c30000,0x0000000058d30000)]
=>0x00000000572b0800 JavaThread "C2 CompilerThread1" daemon [_thread_in_native, id=17972, stack(0x0000000058340000,0x0000000058440000)]
  0x00000000572aa800 JavaThread "C2 CompilerThread0" daemon [_thread_in_native, id=16396, stack(0x0000000058ab0000,0x0000000058bb0000)]
  0x00000000572a9000 JavaThread "Attach Listener" daemon [_thread_blocked, id=15392, stack(0x0000000058950000,0x0000000058a50000)]
  0x00000000572b8800 JavaThread "Signal Dispatcher" daemon [_thread_blocked, id=17272, stack(0x00000000587c0000,0x00000000588c0000)]
  0x000000005588c000 JavaThread "Finalizer" daemon [_thread_blocked, id=16016, stack(0x0000000058560000,0x0000000058660000)]
  0x0000000055884800 JavaThread "Reference Handler" daemon [_thread_blocked, id=18064, stack(0x0000000058450000,0x0000000058550000)]
  0x000000000226f800 JavaThread "main" [_thread_in_native, id=18144, stack(0x0000000002430000,0x0000000002530000)]

Other Threads:
  0x0000000057260800 VMThread [stack: 0x00000000581e0000,0x00000000582e0000] [id=17984]
  0x000000005733e800 WatcherThread [stack: 0x0000000058fc0000,0x00000000590c0000] [id=8880]

VM state:not at safepoint (normal execution)

VM Mutex/Monitor currently owned by a thread: None

Heap:
 PSYoungGen      total 272896K, used 8289K [0x00000000eab00000, 0x0000000100000000, 0x0000000100000000)
  eden space 262144K, 3% used [0x00000000eab00000,0x00000000eb3184e8,0x00000000fab00000)
  from space 10752K, 0% used [0x00000000fab00000,0x00000000fab00000,0x00000000fb580000)
  to   space 68096K, 0% used [0x00000000fbd80000,0x00000000fbd80000,0x0000000100000000)
 ParOldGen       total 247296K, used 86191K [0x00000000c0000000, 0x00000000cf180000, 0x00000000eab00000)
  object space 247296K, 34% used [0x00000000c0000000,0x00000000c542bed0,0x00000000cf180000)
 Metaspace       used 5932K, capacity 7088K, committed 7296K, reserved 1056768K
  class space    used 577K, capacity 616K, committed 640K, reserved 1048576K

Card table byte_map: [0x0000000011bc0000,0x0000000011dd0000] byte_map_base: 0x00000000115c0000

Marking Bits: (ParMarkBitMap*) 0x000000005717a5b0
 Begin Bits: [0x0000000012ca0000, 0x0000000013ca0000)
 End Bits:   [0x0000000013ca0000, 0x0000000014ca0000)

Polling page: 0x00000000002d0000

CodeCache: size=245760Kb used=10150Kb max_used=10150Kb free=235609Kb
 bounds [0x0000000002800000, 0x0000000003200000, 0x0000000011800000]
 total_blobs=2279 nmethods=2014 adapters=175
 compilation: enabled

Compilation events (10 events):
Event: 5.900 Thread 0x00000000572aa800 nmethod 2233 0x00000000031c68d0 code [0x00000000031c6a20, 0x00000000031c6ab8]
Event: 5.900 Thread 0x00000000572aa800 2234       4       com.android.dx.rop.code.Rops::opReturn (89 bytes)
Event: 5.901 Thread 0x00000000572aa800 nmethod 2234 0x0000000003151cd0 code [0x0000000003151ea0, 0x0000000003151fc8]
Event: 5.901 Thread 0x00000000572aa800 2196       4       com.android.dx.rop.code.Rop::canThrow (18 bytes)
Event: 5.902 Thread 0x00000000572aa800 nmethod 2196 0x00000000031c6610 code [0x00000000031c6760, 0x00000000031c67f8]
Event: 5.902 Thread 0x00000000572aa800 2235       4       com.android.dx.cf.code.BaseMachine::popArgs (137 bytes)
Event: 5.915 Thread 0x000000005731d000 2238       3       com.android.dx.util.IntList::insert (115 bytes)
Event: 5.916 Thread 0x000000005731d000 nmethod 2238 0x0000000003118190 code [0x0000000003118340, 0x0000000003118888]
Event: 5.921 Thread 0x00000000572aa800 nmethod 2235 0x00000000031eaad0 code [0x00000000031ead60, 0x00000000031ebf28]
Event: 5.921 Thread 0x00000000572aa800 2237       4       com.android.dx.ssa.DomFront::calcDomFronts (154 bytes)

GC Heap History (10 events):
Event: 1.747 GC heap before
{Heap before GC invocations=2 (full 0):
 PSYoungGen      total 76288K, used 76261K [0x00000000eab00000, 0x00000000f4000000, 0x0000000100000000)
  eden space 65536K, 100% used [0x00000000eab00000,0x00000000eeb00000,0x00000000eeb00000)
  from space 10752K, 99% used [0x00000000eeb00000,0x00000000ef579458,0x00000000ef580000)
  to   space 10752K, 0% used [0x00000000f3580000,0x00000000f3580000,0x00000000f4000000)
 ParOldGen       total 175104K, used 6796K [0x00000000c0000000, 0x00000000cab00000, 0x00000000eab00000)
  object space 175104K, 3% used [0x00000000c0000000,0x00000000c06a32d0,0x00000000cab00000)
 Metaspace       used 5736K, capacity 6960K, committed 7040K, reserved 1056768K
  class space    used 576K, capacity 616K, committed 640K, reserved 1048576K
Event: 1.813 GC heap after
Heap after GC invocations=2 (full 0):
 PSYoungGen      total 141824K, used 10747K [0x00000000eab00000, 0x00000000f4000000, 0x0000000100000000)
  eden space 131072K, 0% used [0x00000000eab00000,0x00000000eab00000,0x00000000f2b00000)
  from space 10752K, 99% used [0x00000000f3580000,0x00000000f3ffef00,0x00000000f4000000)
  to   space 10752K, 0% used [0x00000000f2b00000,0x00000000f2b00000,0x00000000f3580000)
 ParOldGen       total 175104K, used 28499K [0x00000000c0000000, 0x00000000cab00000, 0x00000000eab00000)
  object space 175104K, 16% used [0x00000000c0000000,0x00000000c1bd4d78,0x00000000cab00000)
 Metaspace       used 5736K, capacity 6960K, committed 7040K, reserved 1056768K
  class space    used 576K, capacity 616K, committed 640K, reserved 1048576K
}
Event: 3.688 GC heap before
{Heap before GC invocations=3 (full 0):
 PSYoungGen      total 141824K, used 141819K [0x00000000eab00000, 0x00000000f4000000, 0x0000000100000000)
  eden space 131072K, 100% used [0x00000000eab00000,0x00000000f2b00000,0x00000000f2b00000)
  from space 10752K, 99% used [0x00000000f3580000,0x00000000f3ffef00,0x00000000f4000000)
  to   space 10752K, 0% used [0x00000000f2b00000,0x00000000f2b00000,0x00000000f3580000)
 ParOldGen       total 175104K, used 28499K [0x00000000c0000000, 0x00000000cab00000, 0x00000000eab00000)
  object space 175104K, 16% used [0x00000000c0000000,0x00000000c1bd4d78,0x00000000cab00000)
 Metaspace       used 5871K, capacity 7088K, committed 7296K, reserved 1056768K
  class space    used 577K, capacity 616K, committed 640K, reserved 1048576K
Event: 3.743 GC heap after
Heap after GC invocations=3 (full 0):
 PSYoungGen      total 141824K, used 10745K [0x00000000eab00000, 0x00000000fc000000, 0x0000000100000000)
  eden space 131072K, 0% used [0x00000000eab00000,0x00000000eab00000,0x00000000f2b00000)
  from space 10752K, 99% used [0x00000000f2b00000,0x00000000f357e620,0x00000000f3580000)
  to   space 10752K, 0% used [0x00000000fb580000,0x00000000fb580000,0x00000000fc000000)
 ParOldGen       total 175104K, used 56345K [0x00000000c0000000, 0x00000000cab00000, 0x00000000eab00000)
  object space 175104K, 32% used [0x00000000c0000000,0x00000000c3706400,0x00000000cab00000)
 Metaspace       used 5871K, capacity 7088K, committed 7296K, reserved 1056768K
  class space    used 577K, capacity 616K, committed 640K, reserved 1048576K
}
Event: 5.075 GC heap before
{Heap before GC invocations=4 (full 0):
 PSYoungGen      total 141824K, used 141817K [0x00000000eab00000, 0x00000000fc000000, 0x0000000100000000)
  eden space 131072K, 100% used [0x00000000eab00000,0x00000000f2b00000,0x00000000f2b00000)
  from space 10752K, 99% used [0x00000000f2b00000,0x00000000f357e620,0x00000000f3580000)
  to   space 10752K, 0% used [0x00000000fb580000,0x00000000fb580000,0x00000000fc000000)
 ParOldGen       total 175104K, used 56345K [0x00000000c0000000, 0x00000000cab00000, 0x00000000eab00000)
  object space 175104K, 32% used [0x00000000c0000000,0x00000000c3706400,0x00000000cab00000)
 Metaspace       used 5929K, capacity 7088K, committed 7296K, reserved 1056768K
  class space    used 577K, capacity 616K, committed 640K, reserved 1048576K
Event: 5.161 GC heap after
Heap after GC invocations=4 (full 0):
 PSYoungGen      total 272896K, used 10737K [0x00000000eab00000, 0x00000000fc000000, 0x0000000100000000)
  eden space 262144K, 0% used [0x00000000eab00000,0x00000000eab00000,0x00000000fab00000)
  from space 10752K, 99% used [0x00000000fb580000,0x00000000fbffc598,0x00000000fc000000)
  to   space 10752K, 0% used [0x00000000fab00000,0x00000000fab00000,0x00000000fb580000)
 ParOldGen       total 175104K, used 92227K [0x00000000c0000000, 0x00000000cab00000, 0x00000000eab00000)
  object space 175104K, 52% used [0x00000000c0000000,0x00000000c5a10ce8,0x00000000cab00000)
 Metaspace       used 5929K, capacity 7088K, committed 7296K, reserved 1056768K
  class space    used 577K, capacity 616K, committed 640K, reserved 1048576K
}
Event: 5.963 GC heap before
{Heap before GC invocations=5 (full 0):
 PSYoungGen      total 272896K, used 272881K [0x00000000eab00000, 0x00000000fc000000, 0x0000000100000000)
  eden space 262144K, 100% used [0x00000000eab00000,0x00000000fab00000,0x00000000fab00000)
  from space 10752K, 99% used [0x00000000fb580000,0x00000000fbffc598,0x00000000fc000000)
  to   space 10752K, 0% used [0x00000000fab00000,0x00000000fab00000,0x00000000fb580000)
 ParOldGen       total 175104K, used 92227K [0x00000000c0000000, 0x00000000cab00000, 0x00000000eab00000)
  object space 175104K, 52% used [0x00000000c0000000,0x00000000c5a10ce8,0x00000000cab00000)
 Metaspace       used 5932K, capacity 7088K, committed 7296K, reserved 1056768K
  class space    used 577K, capacity 616K, committed 640K, reserved 1048576K
Event: 6.063 GC heap after
Heap after GC invocations=5 (full 0):
 PSYoungGen      total 272896K, used 10737K [0x00000000eab00000, 0x0000000100000000, 0x0000000100000000)
  eden space 262144K, 0% used [0x00000000eab00000,0x00000000eab00000,0x00000000fab00000)
  from space 10752K, 99% used [0x00000000fab00000,0x00000000fb57c728,0x00000000fb580000)
  to   space 68096K, 0% used [0x00000000fbd80000,0x00000000fbd80000,0x0000000100000000)
 ParOldGen       total 175104K, used 139639K [0x00000000c0000000, 0x00000000cab00000, 0x00000000eab00000)
  object space 175104K, 79% used [0x00000000c0000000,0x00000000c885ddd0,0x00000000cab00000)
 Metaspace       used 5932K, capacity 7088K, committed 7296K, reserved 1056768K
  class space    used 577K, capacity 616K, committed 640K, reserved 1048576K
}
Event: 6.063 GC heap before
{Heap before GC invocations=6 (full 1):
 PSYoungGen      total 272896K, used 10737K [0x00000000eab00000, 0x0000000100000000, 0x0000000100000000)
  eden space 262144K, 0% used [0x00000000eab00000,0x00000000eab00000,0x00000000fab00000)
  from space 10752K, 99% used [0x00000000fab00000,0x00000000fb57c728,0x00000000fb580000)
  to   space 68096K, 0% used [0x00000000fbd80000,0x00000000fbd80000,0x0000000100000000)
 ParOldGen       total 175104K, used 139639K [0x00000000c0000000, 0x00000000cab00000, 0x00000000eab00000)
  object space 175104K, 79% used [0x00000000c0000000,0x00000000c885ddd0,0x00000000cab00000)
 Metaspace       used 5932K, capacity 7088K, committed 7296K, reserved 1056768K
  class space    used 577K, capacity 616K, committed 640K, reserved 1048576K
Event: 7.128 GC heap after
Heap after GC invocations=6 (full 1):
 PSYoungGen      total 272896K, used 0K [0x00000000eab00000, 0x0000000100000000, 0x0000000100000000)
  eden space 262144K, 0% used [0x00000000eab00000,0x00000000eab00000,0x00000000fab00000)
  from space 10752K, 0% used [0x00000000fab00000,0x00000000fab00000,0x00000000fb580000)
  to   space 68096K, 0% used [0x00000000fbd80000,0x00000000fbd80000,0x0000000100000000)
 ParOldGen       total 247296K, used 86191K [0x00000000c0000000, 0x00000000cf180000, 0x00000000eab00000)
  object space 247296K, 34% used [0x00000000c0000000,0x00000000c542bed0,0x00000000cf180000)
 Metaspace       used 5932K, capacity 7088K, committed 7296K, reserved 1056768K
  class space    used 577K, capacity 616K, committed 640K, reserved 1048576K
}

Deoptimization events (10 events):
Event: 5.391 Thread 0x0000000057407800 Uncommon trap: reason=bimorphic action=maybe_recompile pc=0x00000000031784e8 method=com.android.dx.cf.code.BytecodeArray.parseInstruction(ILcom/android/dx/cf/code/BytecodeArray$Visitor;)I @ 1130
Event: 5.391 Thread 0x0000000057407800 Uncommon trap: reason=bimorphic action=maybe_recompile pc=0x00000000031784e8 method=com.android.dx.cf.code.BytecodeArray.parseInstruction(ILcom/android/dx/cf/code/BytecodeArray$Visitor;)I @ 1130
Event: 5.391 Thread 0x0000000057407800 Uncommon trap: reason=unstable_if action=reinterpret pc=0x0000000002f450c8 method=com.android.dx.cf.code.RopperMachine.run(Lcom/android/dx/cf/code/Frame;II)V @ 1500
Event: 5.391 Thread 0x0000000057407800 Uncommon trap: reason=class_check action=maybe_recompile pc=0x000000000306da94 method=com.android.dx.cf.code.Ropper.processBlock(Lcom/android/dx/cf/code/ByteBlock;Lcom/android/dx/cf/code/Frame;[I)V @ 777
Event: 5.391 Thread 0x0000000057407800 Uncommon trap: reason=class_check action=maybe_recompile pc=0x000000000306da94 method=com.android.dx.cf.code.Ropper.processBlock(Lcom/android/dx/cf/code/ByteBlock;Lcom/android/dx/cf/code/Frame;[I)V @ 777
Event: 5.391 Thread 0x0000000057407800 Uncommon trap: reason=class_check action=maybe_recompile pc=0x000000000306da94 method=com.android.dx.cf.code.Ropper.processBlock(Lcom/android/dx/cf/code/ByteBlock;Lcom/android/dx/cf/code/Frame;[I)V @ 777
Event: 5.392 Thread 0x0000000057407800 Uncommon trap: reason=class_check action=maybe_recompile pc=0x000000000306da94 method=com.android.dx.cf.code.Ropper.processBlock(Lcom/android/dx/cf/code/ByteBlock;Lcom/android/dx/cf/code/Frame;[I)V @ 777
Event: 5.581 Thread 0x000000005740e000 Uncommon trap: reason=unstable_if action=reinterpret pc=0x0000000002e0d1d0 method=com.android.dx.ssa.SCCP.simulateStmt(Lcom/android/dx/ssa/SsaInsn;)V @ 53
Event: 5.588 Thread 0x000000005740e000 Uncommon trap: reason=bimorphic action=maybe_recompile pc=0x00000000029e951c method=java.util.HashMap.getNode(ILjava/lang/Object;)Ljava/util/HashMap$Node; @ 126
Event: 5.588 Thread 0x000000005740e000 Uncommon trap: reason=class_check action=maybe_recompile pc=0x0000000002b14e3c method=java.util.HashMap.putVal(ILjava/lang/Object;Ljava/lang/Object;ZZ)Ljava/lang/Object; @ 203

Internal exceptions (4 events):
Event: 0.029 Thread 0x000000000226f800 Exception <a 'java/lang/NoSuchMethodError': Method sun.misc.Unsafe.defineClass(Ljava/lang/String;[BII)Ljava/lang/Class; name or signature does not match> (0x00000000eab13098) thrown at [C:\re\workspace\8-2-build-windows-amd64-cygwin\jdk8u66\4988\hotspot\srY;b•2ž?
Event: 0.029 Thread 0x000000000226f800 Exception <a 'java/lang/NoSuchMethodError': Method sun.misc.Unsafe.prefetchRead(Ljava/lang/Object;J)V name or signature does not match> (0x00000000eab13380) thrown at [C:\re\workspace\8-2-build-windows-amd64-cygwin\jdk8u66\4988\hotspot\src\share\vm\prims\jr„aºá[ã?
Event: 0.605 Thread 0x000000005740e000 Implicit null exception at 0x0000000002a71d9f to 0x0000000002a73621
Event: 0.605 Thread 0x000000005740e000 Implicit null exception at 0x0000000002a6b796 to 0x0000000002a6d345

Events (10 events):
Event: 7.138 Executing VM operation: RevokeBias
Event: 7.138 Executing VM operation: RevokeBias done
Event: 7.138 Executing VM operation: RevokeBias
Event: 7.138 Executing VM operation: RevokeBias done
Event: 7.138 Executing VM operation: RevokeBias
Event: 7.138 Executing VM operation: RevokeBias done
Event: 7.138 Executing VM operation: RevokeBias
Event: 7.139 Executing VM operation: RevokeBias done
Event: 7.139 Executing VM operation: RevokeBias
Event: 7.139 Executing VM operation: RevokeBias done


Dynamic libraries:
0x000000013f520000 - 0x000000013f557000 	C:\Program Files\Java\jdk1.8.0_66\bin\java.exe
0x0000000077180000 - 0x0000000077329000 	C:\Windows\SYSTEM32\ntdll.dll
0x0000000076f60000 - 0x000000007707f000 	C:\Windows\system32\kernel32.dll
0x000007fefd210000 - 0x000007fefd27c000 	C:\Windows\system32\KERNELBASE.dll
0x0000000074be0000 - 0x0000000074c91000 	C:\Program Files\Bitdefender\Bitdefender 2016\Active Virus Control\Avc3_00361_005\avcuf64.dll
0x000007fefee00000 - 0x000007fefeedb000 	C:\Windows\system32\ADVAPI32.dll
0x000007fefd500000 - 0x000007fefd59f000 	C:\Windows\system32\msvcrt.dll
0x000007fefda30000 - 0x000007fefda4f000 	C:\Windows\SYSTEM32\sechost.dll
0x000007fefeee0000 - 0x000007feff00d000 	C:\Windows\system32\RPCRT4.dll
0x0000000077080000 - 0x000000007717a000 	C:\Windows\system32\USER32.dll
0x000007fefdff0000 - 0x000007fefe057000 	C:\Windows\system32\GDI32.dll
0x000007fefdb70000 - 0x000007fefdb7e000 	C:\Windows\system32\LPK.dll
0x000007feff2d0000 - 0x000007feff399000 	C:\Windows\system32\USP10.dll
0x000007fef9f90000 - 0x000007fefa184000 	C:\Windows\WinSxS\amd64_microsoft.windows.common-controls_6595b64144ccf1df_6.0.7601.18837_none_fa3b1e3d17594757\COMCTL32.dll
0x000007fefd480000 - 0x000007fefd4f1000 	C:\Windows\system32\SHLWAPI.dll
0x000007fefda00000 - 0x000007fefda2e000 	C:\Windows\system32\IMM32.DLL
0x000007fefd2f0000 - 0x000007fefd3f9000 	C:\Windows\system32\MSCTF.dll
0x0000000079550000 - 0x0000000079622000 	C:\Program Files\Java\jdk1.8.0_66\jre\bin\msvcr100.dll
0x0000000056970000 - 0x00000000571f9000 	C:\Program Files\Java\jdk1.8.0_66\jre\bin\server\jvm.dll
0x000007fef7830000 - 0x000007fef7839000 	C:\Windows\system32\WSOCK32.dll
0x000007feff3a0000 - 0x000007feff3ed000 	C:\Windows\system32\WS2_32.dll
0x000007fefedf0000 - 0x000007fefedf8000 	C:\Windows\system32\NSI.dll
0x000007fefbe70000 - 0x000007fefbeab000 	C:\Windows\system32\WINMM.dll
0x000007fefbe40000 - 0x000007fefbe4c000 	C:\Windows\system32\VERSION.dll
0x0000000077340000 - 0x0000000077347000 	C:\Windows\system32\PSAPI.DLL
0x0000000071d00000 - 0x0000000071d0f000 	C:\Program Files\Java\jdk1.8.0_66\jre\bin\verify.dll
0x000000005c480000 - 0x000000005c4a9000 	C:\Program Files\Java\jdk1.8.0_66\jre\bin\java.dll
0x0000000058f50000 - 0x0000000058f66000 	C:\Program Files\Java\jdk1.8.0_66\jre\bin\zip.dll
0x000007fefe060000 - 0x000007fefede9000 	C:\Windows\system32\SHELL32.dll
0x000007fefdde0000 - 0x000007fefdfe3000 	C:\Windows\system32\ole32.dll
0x000007fefcf30000 - 0x000007fefcf3f000 	C:\Windows\system32\profapi.dll

VM Arguments:
jvm_args: -Djava.awt.headless=true -Xmx1024M -Dfile.encoding=windows-1250 -Duser.country=US -Duser.language=en -Duser.variant 
java_command: com.android.dx.command.Main --dex --force-jumbo --num-threads=4 --multi-dex --output D:\AppDev\Zag-App\Doctor\LittleDotDoctor\app\build\intermediates\transforms\dex\debug\folders\1000\5\slice_5 D:\AppDev\Zag-App\Doctor\LittleDotDoctor\app\build\intermediates\transforms\instantRunSlicer\debug\folders\1\5\slice_5
java_class_path (initial): C:\Android\sdk\build-tools\23.0.1\lib\dx.jar
Launcher Type: SUN_STANDARD

Environment Variables:
JAVA_HOME=C:\Program Files\Java\jdk1.8.0_66
PATH=C:\Windows\system32;C:\Windows;C:\Windows\system32\wbem;C:\ProgramData\Oracle\Java\javapath;C:\Program Files (x86)\Common Files\Intel\Shared Files\cpp\bin\Intel64;C:\Program Files (x86)\Kingston SSD Toolbox;C:\Program Files (x86)\Intel\iCLS Client;C:\Program Files\Intel\iCLS Client;C:\Windows\System32\WindowsPowerShell\v1.0;C:\Program Files\Intel\Intel(R) Management Engine Components\DAL;C:\Program Files\Intel\Intel(R) Management Engine Components\IPT;C:\Program Files (x86)\Intel\Intel(R) Management Engine Components\DAL;C:\Program Files (x86)\Intel\Intel(R) Management Engine Components\IPT;C:\Program Files (x86)\ATI Technologies\ATI.ACE\Core-Static;C:\Program Files\nodejs;C:\Program Files (x86)\Brackets\command;C:\Program Files (x86)\GtkSharp\2.12\bin;C:\Program Files (x86)\GNU\GnuPG\pub;C:\Program Files\Microsoft SQL Server\120\Tools\Binn;C:\Program Files (x86)\Skype\Phone;C:\Program Files (x86)\QuickTime\QTSystem;C:\Program Files\OpenVPN\bin;C:\Program Files (x86)\Heroku\bin;C:\Program Files (x86)\git\cmd;C:\Program Files (x86)\Git\cmd; C:\Program Files\Java\jdk1.8.0_66\bin;C:\Users\User 3\AppData\Roaming\npm; C:\Program Files\Java\jre1.8.0_71\bin;
USERNAME=User 3
LD_LIBRARY_PATH=C:\Program Files (x86)\Kingston SSD Toolbox
OS=Windows_NT
PROCESSOR_IDENTIFIER=Intel64 Family 6 Model 60 Stepping 3, GenuineIntel



---------------  S Y S T E M  ---------------

OS: Windows 7 , 64 bit Build 7601 (6.1.7601.18933)

CPU:total 8 (4 cores per cpu, 2 threads per core) family 6 model 60 stepping 3, cmov, cx8, fxsr, mmx, sse, sse2, sse3, ssse3, sse4.1, sse4.2, popcnt, avx, avx2, aes, clmul, erms, lzcnt, ht, tsc, tscinvbit, bmi1, bmi2

Memory: 4k page, physical 16680504k(2154080k free), swap 16678664k(5100k free)

vm_info: Java HotSpot(TM) 64-Bit Server VM (25.66-b17) for windows-amd64 JRE (1.8.0_66-b17), built on Oct  6 2015 18:55:33 by "java_re" with MS VC++ 10.0 (VS2010)

time: Fri Jun 03 16:02:51 2016
elapsed time: 7 seconds (0d 0h 0m 7s)

