#
# There is insufficient memory for the Java Runtime Environment to continue.
# Native memory allocation (malloc) failed to allocate 1061216 bytes for Chunk::new
# Possible reasons:
#   The system is out of physical RAM or swap space
#   In 32 bit mode, the process size limit was hit
# Possible solutions:
#   Reduce memory load on the system
#   Increase physical memory or swap space
#   Check if swap backing store is full
#   Use 64 bit Java on a 64 bit OS
#   Decrease Java heap size (-Xmx/-Xms)
#   Decrease number of Java threads
#   Decrease Java thread stack sizes (-Xss)
#   Set larger code cache with -XX:ReservedCodeCacheSize=
# This output file may be truncated or incomplete.
#
#  Out of Memory Error (allocation.cpp:390), pid=3284, tid=1664
#
# JRE version: Java(TM) SE Runtime Environment (8.0_66-b17) (build 1.8.0_66-b17)
# Java VM: Java HotSpot(TM) 64-Bit Server VM (25.66-b17 mixed mode windows-amd64 compressed oops)
# Failed to write core dump. Minidumps are not enabled by default on client versions of Windows
#

---------------  T H R E A D  ---------------

Current thread (0x000000001573c800):  JavaThread "C2 CompilerThread2" daemon [_thread_in_native, id=1664, stack(0x0000000018430000,0x0000000018530000)]

Stack: [0x0000000018430000,0x0000000018530000]
[error occurred during error reporting (printing stack bounds), id 0xc0000005]

Native frames: (J=compiled Java code, j=interpreted, Vv=VM code, C=native code)


Current CompileTask:
C2:   2493 1465   !   4       com.android.dx.cf.code.RopperMachine::run (1550 bytes)


---------------  P R O C E S S  ---------------

Java Threads: ( => current thread )
  0x0000000018a26800 JavaThread "pool-2-thread-4" [_thread_in_Java, id=9880, stack(0x00000000196c0000,0x00000000197c0000)]
  0x0000000018a19000 JavaThread "pool-2-thread-3" [_thread_blocked, id=16132, stack(0x0000000019430000,0x0000000019530000)]
  0x0000000016b0f000 JavaThread "pool-2-thread-2" [_thread_in_Java, id=14672, stack(0x0000000019290000,0x0000000019390000)]
  0x0000000016aa3000 JavaThread "pool-3-thread-1" [_thread_blocked, id=15880, stack(0x0000000018910000,0x0000000018a10000)]
  0x0000000016a9f800 JavaThread "pool-2-thread-1" [_thread_blocked, id=15128, stack(0x0000000018160000,0x0000000018260000)]
  0x000000001573f000 JavaThread "Service Thread" daemon [_thread_blocked, id=13928, stack(0x0000000017f30000,0x0000000018030000)]
  0x0000000016831000 JavaThread "C1 CompilerThread3" daemon [_thread_blocked, id=12296, stack(0x00000000185e0000,0x00000000186e0000)]
=>0x000000001573c800 JavaThread "C2 CompilerThread2" daemon [_thread_in_native, id=1664, stack(0x0000000018430000,0x0000000018530000)]
  0x00000000167f0800 JavaThread "C2 CompilerThread1" daemon [_thread_blocked, id=12664, stack(0x0000000018270000,0x0000000018370000)]
  0x00000000167e7000 JavaThread "C2 CompilerThread0" daemon [_thread_in_native, id=2916, stack(0x0000000018050000,0x0000000018150000)]
  0x00000000167e6000 JavaThread "Attach Listener" daemon [_thread_blocked, id=16232, stack(0x0000000017dc0000,0x0000000017ec0000)]
  0x00000000167e4800 JavaThread "Signal Dispatcher" daemon [_thread_blocked, id=15440, stack(0x0000000017c80000,0x0000000017d80000)]
  0x000000001572e800 JavaThread "Finalizer" daemon [_thread_blocked, id=15588, stack(0x0000000017a90000,0x0000000017b90000)]
  0x0000000015727000 JavaThread "Reference Handler" daemon [_thread_blocked, id=9232, stack(0x0000000017890000,0x0000000017990000)]
  0x00000000022ef800 JavaThread "main" [_thread_in_native, id=15840, stack(0x0000000002650000,0x0000000002750000)]

Other Threads:
  0x0000000016792800 VMThread [stack: 0x0000000017730000,0x0000000017830000] [id=13964]
  0x00000000168b2000 WatcherThread [stack: 0x0000000018790000,0x0000000018890000] [id=15120]

VM state:not at safepoint (normal execution)

VM Mutex/Monitor currently owned by a thread: None

Heap:
 PSYoungGen      total 76288K, used 76082K [0x00000000eab00000, 0x00000000f0000000, 0x0000000100000000)
  eden space 65536K, 99% used [0x00000000eab00000,0x00000000eeaced78,0x00000000eeb00000)
  from space 10752K, 99% used [0x00000000eeb00000,0x00000000ef57dd78,0x00000000ef580000)
  to   space 10752K, 0% used [0x00000000ef580000,0x00000000ef580000,0x00000000f0000000)
 ParOldGen       total 175104K, used 11363K [0x00000000c0000000, 0x00000000cab00000, 0x00000000eab00000)
  object space 175104K, 6% used [0x00000000c0000000,0x00000000c0b18e68,0x00000000cab00000)
 Metaspace       used 5716K, capacity 6960K, committed 7040K, reserved 1056768K
  class space    used 572K, capacity 616K, committed 640K, reserved 1048576K

Card table byte_map: [0x0000000011de0000,0x0000000011ff0000] byte_map_base: 0x00000000117e0000

Marking Bits: (ParMarkBitMap*) 0x000000007024a5b0
 Begin Bits: [0x0000000012b40000, 0x0000000013b40000)
 End Bits:   [0x0000000013b40000, 0x0000000014b40000)

Polling page: 0x00000000004d0000

CodeCache: size=245760Kb used=6119Kb max_used=6132Kb free=239640Kb
 bounds [0x0000000002a20000, 0x0000000003030000, 0x0000000011a20000]
 total_blobs=1683 nmethods=1419 adapters=175
 compilation: enabled

Compilation events (10 events):
Event: 2.399 Thread 0x000000001573c800 1422       4       com.android.dx.dex.code.RopTranslator$LocalVariableAwareTranslationVisitor::visitPlainInsn (11 bytes)
Event: 2.399 Thread 0x00000000167f0800 nmethod 1430 0x0000000003006e50 code [0x0000000003006fa0, 0x00000000030071f8]
Event: 2.399 Thread 0x00000000167f0800 1423       4       com.android.dx.dex.code.RopTranslator$TranslationVisitor::visitPlainInsn (161 bytes)
Event: 2.399 Thread 0x0000000016831000 nmethod 1445 0x0000000003011210 code [0x00000000030114a0, 0x0000000003012548]
Event: 2.444 Thread 0x000000001573c800 nmethod 1422 0x000000000301fcd0 code [0x000000000301ff80, 0x0000000003021ce0]
Event: 2.445 Thread 0x000000001573c800 1460       4       com.android.dx.ssa.back.SsaToRop::convertInsns (53 bytes)
Event: 2.449 Thread 0x000000001573c800 nmethod 1460 0x000000000301c650 code [0x000000000301c7c0, 0x000000000301cbd8]
Event: 2.449 Thread 0x000000001573c800 1459       4       com.android.dx.ssa.SsaBasicBlock::getRopLabelSuccessorList (57 bytes)
Event: 2.456 Thread 0x000000001573c800 nmethod 1459 0x00000000030176d0 code [0x0000000003017860, 0x0000000003017fd8]
Event: 2.456 Thread 0x000000001573c800 1465   !   4       com.android.dx.cf.code.RopperMachine::run (1550 bytes)

GC Heap History (2 events):
Event: 1.180 GC heap before
{Heap before GC invocations=1 (full 0):
 PSYoungGen      total 76288K, used 65536K [0x00000000eab00000, 0x00000000f0000000, 0x0000000100000000)
  eden space 65536K, 100% used [0x00000000eab00000,0x00000000eeb00000,0x00000000eeb00000)
  from space 10752K, 0% used [0x00000000ef580000,0x00000000ef580000,0x00000000f0000000)
  to   space 10752K, 0% used [0x00000000eeb00000,0x00000000eeb00000,0x00000000ef580000)
 ParOldGen       total 175104K, used 0K [0x00000000c0000000, 0x00000000cab00000, 0x00000000eab00000)
  object space 175104K, 0% used [0x00000000c0000000,0x00000000c0000000,0x00000000cab00000)
 Metaspace       used 5619K, capacity 6896K, committed 7040K, reserved 1056768K
  class space    used 570K, capacity 616K, committed 640K, reserved 1048576K
Event: 1.374 GC heap after
Heap after GC invocations=1 (full 0):
 PSYoungGen      total 76288K, used 10743K [0x00000000eab00000, 0x00000000f0000000, 0x0000000100000000)
  eden space 65536K, 0% used [0x00000000eab00000,0x00000000eab00000,0x00000000eeb00000)
  from space 10752K, 99% used [0x00000000eeb00000,0x00000000ef57dd78,0x00000000ef580000)
  to   space 10752K, 0% used [0x00000000ef580000,0x00000000ef580000,0x00000000f0000000)
 ParOldGen       total 175104K, used 11363K [0x00000000c0000000, 0x00000000cab00000, 0x00000000eab00000)
  object space 175104K, 6% used [0x00000000c0000000,0x00000000c0b18e68,0x00000000cab00000)
 Metaspace       used 5619K, capacity 6896K, committed 7040K, reserved 1056768K
  class space    used 570K, capacity 616K, committed 640K, reserved 1048576K
}

Deoptimization events (10 events):
Event: 2.452 Thread 0x0000000018a26800 Uncommon trap: reason=bimorphic action=maybe_recompile pc=0x0000000002e91fd8 method=com.android.dx.cf.code.BaseMachine.getLocalTarget(Z)Lcom/android/dx/rop/code/RegisterSpec; @ 70
Event: 2.452 Thread 0x0000000018a26800 Uncommon trap: reason=bimorphic action=maybe_recompile pc=0x0000000002fd56c4 method=com.android.dx.cf.code.BaseMachine.getLocalTarget(Z)Lcom/android/dx/rop/code/RegisterSpec; @ 70
Event: 2.455 Thread 0x0000000018a26800 Uncommon trap: reason=bimorphic action=maybe_recompile pc=0x0000000002e91fd8 method=com.android.dx.cf.code.BaseMachine.getLocalTarget(Z)Lcom/android/dx/rop/code/RegisterSpec; @ 70
Event: 2.455 Thread 0x0000000018a26800 Uncommon trap: reason=bimorphic action=maybe_recompile pc=0x0000000002d9acc0 method=com.android.dx.cf.code.BaseMachine.getLocalTarget(Z)Lcom/android/dx/rop/code/RegisterSpec; @ 70
Event: 2.475 Thread 0x0000000018a26800 Uncommon trap: reason=unstable_if action=reinterpret pc=0x0000000002cdb9b0 method=com.android.dx.rop.code.RegisterSpecSet.put(Lcom/android/dx/rop/code/RegisterSpec;)V @ 77
Event: 2.478 Thread 0x0000000018a26800 Uncommon trap: reason=unstable_if action=reinterpret pc=0x0000000002ef8aa8 method=com.android.dx.ssa.SsaRenamer$BlockRenamer.visitMoveInsn(Lcom/android/dx/ssa/NormalSsaInsn;)V @ 104
Event: 2.478 Thread 0x0000000018a26800 Uncommon trap: reason=unstable_if action=reinterpret pc=0x0000000002f46d50 method=com.android.dx.ssa.SsaRenamer$BlockRenamer.process()V @ 90
Event: 2.479 Thread 0x0000000018a26800 Uncommon trap: reason=unstable_if action=reinterpret pc=0x0000000002f43210 method=com.android.dx.ssa.SsaRenamer$BlockRenamer.process()V @ 90
Event: 2.480 Thread 0x0000000018a26800 Uncommon trap: reason=unstable_if action=reinterpret pc=0x0000000002e8bc48 method=com.android.dx.ssa.SCCP.simulateStmt(Lcom/android/dx/ssa/SsaInsn;)V @ 59
Event: 2.481 Thread 0x0000000018a26800 Uncommon trap: reason=class_check action=maybe_recompile pc=0x0000000002e095f4 method=java.util.HashMap.putVal(ILjava/lang/Object;Ljava/lang/Object;ZZ)Ljava/lang/Object; @ 203

Internal exceptions (4 events):
Event: 0.024 Thread 0x00000000022ef800 Exception <a 'java/lang/NoSuchMethodError': Method sun.misc.Unsafe.defineClass(Ljava/lang/String;[BII)Ljava/lang/Class; name or signature does not match> (0x00000000eab12ed8) thrown at [C:\re\workspace\8-2-build-windows-amd64-cygwin\jdk8u66\4988\hotspot\srNË‡ù~˜?
Event: 0.024 Thread 0x00000000022ef800 Exception <a 'java/lang/NoSuchMethodError': Method sun.misc.Unsafe.prefetchRead(Ljava/lang/Object;J)V name or signature does not match> (0x00000000eab131c0) thrown at [C:\re\workspace\8-2-build-windows-amd64-cygwin\jdk8u66\4988\hotspot\src\share\vm\prims\j¶ÑNOâ?
Event: 0.565 Thread 0x0000000018a19000 Implicit null exception at 0x0000000002cd2c16 to 0x0000000002cd46bd
Event: 0.579 Thread 0x0000000016b0f000 Implicit null exception at 0x0000000002cde7df to 0x0000000002ce004d

Events (10 events):
Event: 2.479 Thread 0x0000000018a26800 DEOPT PACKING pc=0x0000000002f43210 sp=0x00000000197becd0
Event: 2.479 Thread 0x0000000018a26800 DEOPT UNPACKING pc=0x0000000002a6582a sp=0x00000000197bece8 mode 2
Event: 2.480 Thread 0x0000000018a26800 Uncommon trap: trap_request=0xffffff65 fr.pc=0x0000000002e8bc48
Event: 2.480 Thread 0x0000000018a26800 DEOPT PACKING pc=0x0000000002e8bc48 sp=0x00000000197bedb0
Event: 2.480 Thread 0x0000000018a26800 DEOPT UNPACKING pc=0x0000000002a6582a sp=0x00000000197bed78 mode 2
Event: 2.481 Thread 0x0000000018a26800 Uncommon trap: trap_request=0xffffffde fr.pc=0x0000000002e095f4
Event: 2.481 Thread 0x0000000018a26800 DEOPT PACKING pc=0x0000000002e095f4 sp=0x00000000197becc0
Event: 2.481 Thread 0x0000000018a26800 DEOPT UNPACKING pc=0x0000000002a6582a sp=0x00000000197bec38 mode 2
Event: 2.482 Thread 0x0000000018a26800 DEOPT PACKING pc=0x0000000002d9fbad sp=0x00000000197beea0
Event: 2.482 Thread 0x0000000018a26800 DEOPT UNPACKING pc=0x0000000002a6787f sp=0x00000000197bebe8 mode 0


Dynamic libraries:
0x000000013f7d0000 - 0x000000013f807000 	C:\Program Files\Java\jdk1.8.0_66\bin\java.exe
0x0000000076f60000 - 0x0000000077109000 	C:\Windows\SYSTEM32\ntdll.dll
0x0000000076e40000 - 0x0000000076f5f000 	C:\Windows\system32\kernel32.dll
0x000007fefcf60000 - 0x000007fefcfcc000 	C:\Windows\system32\KERNELBASE.dll
0x00000000617a0000 - 0x0000000061851000 	C:\Program Files\Bitdefender\Bitdefender 2016\Active Virus Control\Avc3_00360_004\avcuf64.dll
0x000007fefd0d0000 - 0x000007fefd1ab000 	C:\Windows\system32\ADVAPI32.dll
0x000007fefdd50000 - 0x000007fefddef000 	C:\Windows\system32\msvcrt.dll
0x000007fefef70000 - 0x000007fefef8f000 	C:\Windows\SYSTEM32\sechost.dll
0x000007feff060000 - 0x000007feff18d000 	C:\Windows\system32\RPCRT4.dll
0x0000000076d40000 - 0x0000000076e3a000 	C:\Windows\system32\USER32.dll
0x000007fefdce0000 - 0x000007fefdd47000 	C:\Windows\system32\GDI32.dll
0x000007fefd800000 - 0x000007fefd80e000 	C:\Windows\system32\LPK.dll
0x000007fefef90000 - 0x000007feff059000 	C:\Windows\system32\USP10.dll
0x000007fef9bd0000 - 0x000007fef9dc4000 	C:\Windows\WinSxS\amd64_microsoft.windows.common-controls_6595b64144ccf1df_6.0.7601.18837_none_fa3b1e3d17594757\COMCTL32.dll
0x000007fefd1b0000 - 0x000007fefd221000 	C:\Windows\system32\SHLWAPI.dll
0x000007fefd4f0000 - 0x000007fefd51e000 	C:\Windows\system32\IMM32.DLL
0x000007fefd230000 - 0x000007fefd339000 	C:\Windows\system32\MSCTF.dll
0x0000000079310000 - 0x00000000793e2000 	C:\Program Files\Java\jdk1.8.0_66\jre\bin\msvcr100.dll
0x000000006fa40000 - 0x00000000702c9000 	C:\Program Files\Java\jdk1.8.0_66\jre\bin\server\jvm.dll
0x000007fef7610000 - 0x000007fef7619000 	C:\Windows\system32\WSOCK32.dll
0x000007fefd400000 - 0x000007fefd44d000 	C:\Windows\system32\WS2_32.dll
0x000007fefd7f0000 - 0x000007fefd7f8000 	C:\Windows\system32\NSI.dll
0x000007fefbc50000 - 0x000007fefbc8b000 	C:\Windows\system32\WINMM.dll
0x000007fefbc20000 - 0x000007fefbc2c000 	C:\Windows\system32\VERSION.dll
0x0000000077130000 - 0x0000000077137000 	C:\Windows\system32\PSAPI.DLL
0x000000006a910000 - 0x000000006a91f000 	C:\Program Files\Java\jdk1.8.0_66\jre\bin\verify.dll
0x0000000053450000 - 0x0000000053479000 	C:\Program Files\Java\jdk1.8.0_66\jre\bin\java.dll
0x0000000053430000 - 0x0000000053446000 	C:\Program Files\Java\jdk1.8.0_66\jre\bin\zip.dll
0x000007fefddf0000 - 0x000007fefeb79000 	C:\Windows\system32\SHELL32.dll
0x000007fefdad0000 - 0x000007fefdcd3000 	C:\Windows\system32\ole32.dll
0x000007fefcd20000 - 0x000007fefcd2f000 	C:\Windows\system32\profapi.dll

VM Arguments:
jvm_args: -Djava.awt.headless=true -Xmx1024M -Dfile.encoding=windows-1250 -Duser.country=US -Duser.language=en -Duser.variant 
java_command: com.android.dx.command.Main --dex --force-jumbo --num-threads=4 --multi-dex --output D:\AppDev\Zag-App\Doctor\LittleDotDoctor\app\build\intermediates\transforms\dex\debug\folders\1000\5\slice_2 D:\AppDev\Zag-App\Doctor\LittleDotDoctor\app\build\intermediates\transforms\instantRunSlicer\debug\folders\1\5\slice_2
java_class_path (initial): C:\Android\sdk\build-tools\23.0.1\lib\dx.jar
Launcher Type: SUN_STANDARD

Environment Variables:
JAVA_HOME=C:\Program Files\Java\jdk1.8.0_66
PATH=C:\Windows\system32;C:\Windows;C:\Windows\system32\wbem;C:\ProgramData\Oracle\Java\javapath;C:\Program Files (x86)\Common Files\Intel\Shared Files\cpp\bin\Intel64;C:\Program Files (x86)\Kingston SSD Toolbox;C:\Program Files (x86)\Intel\iCLS Client;C:\Program Files\Intel\iCLS Client;C:\Windows\System32\WindowsPowerShell\v1.0;C:\Program Files\Intel\Intel(R) Management Engine Components\DAL;C:\Program Files\Intel\Intel(R) Management Engine Components\IPT;C:\Program Files (x86)\Intel\Intel(R) Management Engine Components\DAL;C:\Program Files (x86)\Intel\Intel(R) Management Engine Components\IPT;C:\Program Files (x86)\ATI Technologies\ATI.ACE\Core-Static;C:\Program Files\nodejs;C:\Program Files (x86)\Brackets\command;C:\Program Files (x86)\GtkSharp\2.12\bin;C:\Program Files (x86)\GNU\GnuPG\pub;C:\Program Files\Microsoft SQL Server\120\Tools\Binn;C:\Program Files (x86)\Skype\Phone;C:\Program Files (x86)\QuickTime\QTSystem;C:\Program Files\OpenVPN\bin;C:\Program Files (x86)\Heroku\bin;C:\Program Files (x86)\git\cmd;C:\Program Files (x86)\Git\cmd; C:\Program Files\Java\jdk1.8.0_66\bin;C:\Users\User 3\AppData\Roaming\npm; C:\Program Files\Java\jre1.8.0_71\bin;
USERNAME=User 3
LD_LIBRARY_PATH=C:\Program Files (x86)\Kingston SSD Toolbox
OS=Windows_NT
PROCESSOR_IDENTIFIER=Intel64 Family 6 Model 60 Stepping 3, GenuineIntel



---------------  S Y S T E M  ---------------

OS: Windows 7 , 64 bit Build 7601 (6.1.7601.18933)

CPU:total 8 (4 cores per cpu, 2 threads per core) family 6 model 60 stepping 3, cmov, cx8, fxsr, mmx, sse, sse2, sse3, ssse3, sse4.1, sse4.2, popcnt, avx, avx2, aes, clmul, erms, lzcnt, ht, tsc, tscinvbit, bmi1, bmi2

Memory: 4k page, physical 16680504k(2853516k free), swap 16678664k(6848k free)

vm_info: Java HotSpot(TM) 64-Bit Server VM (25.66-b17) for windows-amd64 JRE (1.8.0_66-b17), built on Oct  6 2015 18:55:33 by "java_re" with MS VC++ 10.0 (VS2010)

time: Tue May 31 13:36:10 2016
elapsed time: 2 seconds (0d 0h 0m 2s)

