#
# There is insufficient memory for the Java Runtime Environment to continue.
# Native memory allocation (malloc) failed to allocate 131088 bytes for Chunk::new
# Possible reasons:
#   The system is out of physical RAM or swap space
#   In 32 bit mode, the process size limit was hit
# Possible solutions:
#   Reduce memory load on the system
#   Increase physical memory or swap space
#   Check if swap backing store is full
#   Use 64 bit Java on a 64 bit OS
#   Decrease Java heap size (-Xmx/-Xms)
#   Decrease number of Java threads
#   Decrease Java thread stack sizes (-Xss)
#   Set larger code cache with -XX:ReservedCodeCacheSize=
# This output file may be truncated or incomplete.
#
#  Out of Memory Error (allocation.cpp:390), pid=17608, tid=18340
#
# JRE version: Java(TM) SE Runtime Environment (8.0_66-b17) (build 1.8.0_66-b17)
# Java VM: Java HotSpot(TM) 64-Bit Server VM (25.66-b17 mixed mode windows-amd64 compressed oops)
# Failed to write core dump. Minidumps are not enabled by default on client versions of Windows
#

---------------  T H R E A D  ---------------

Current thread (0x00000000572aa800):  JavaThread "C2 CompilerThread0" daemon [_thread_in_native, id=18340, stack(0x00000000586a0000,0x00000000587a0000)]

Stack: [0x00000000586a0000,0x00000000587a0000]
[error occurred during error reporting (printing stack bounds), id 0xc0000005]

Native frames: (J=compiled Java code, j=interpreted, Vv=VM code, C=native code)


Current CompileTask:
C2:   7324 2413       4       com.android.dx.dex.cf.CfTranslator::translate0 (259 bytes)


---------------  P R O C E S S  ---------------

Java Threads: ( => current thread )
  0x0000000057550800 JavaThread "pool-2-thread-4" [_thread_blocked, id=17356, stack(0x00000000595a0000,0x00000000596a0000)]
  0x000000005759b000 JavaThread "pool-2-thread-3" [_thread_in_Java, id=10964, stack(0x00000000591a0000,0x00000000592a0000)]
  0x0000000057411800 JavaThread "pool-2-thread-2" [_thread_in_Java, id=14876, stack(0x00000000592e0000,0x00000000593e0000)]
  0x0000000057409000 JavaThread "pool-3-thread-1" [_thread_blocked, id=18128, stack(0x0000000058e00000,0x0000000058f00000)]
  0x0000000057408000 JavaThread "pool-2-thread-1" [_thread_in_Java, id=15656, stack(0x0000000058560000,0x0000000058660000)]
  0x000000005735a000 JavaThread "Service Thread" daemon [_thread_blocked, id=18392, stack(0x0000000058cf0000,0x0000000058df0000)]
  0x00000000572ce000 JavaThread "C1 CompilerThread3" daemon [_thread_blocked, id=16640, stack(0x0000000058b70000,0x0000000058c70000)]
  0x00000000572c4800 JavaThread "C2 CompilerThread2" daemon [_thread_blocked, id=17820, stack(0x0000000058a30000,0x0000000058b30000)]
  0x00000000572b9000 JavaThread "C2 CompilerThread1" daemon [_thread_blocked, id=17952, stack(0x0000000058810000,0x0000000058910000)]
=>0x00000000572aa800 JavaThread "C2 CompilerThread0" daemon [_thread_in_native, id=18340, stack(0x00000000586a0000,0x00000000587a0000)]
  0x00000000572a9000 JavaThread "Attach Listener" daemon [_thread_blocked, id=16904, stack(0x0000000058210000,0x0000000058310000)]
  0x00000000572b8800 JavaThread "Signal Dispatcher" daemon [_thread_blocked, id=15748, stack(0x0000000057fa0000,0x00000000580a0000)]
  0x000000005570c000 JavaThread "Finalizer" daemon [_thread_blocked, id=17964, stack(0x0000000058450000,0x0000000058550000)]
  0x0000000055704800 JavaThread "Reference Handler" daemon [_thread_blocked, id=18244, stack(0x0000000058310000,0x0000000058410000)]
  0x000000000226f800 JavaThread "main" [_thread_in_native, id=18044, stack(0x00000000024d0000,0x00000000025d0000)]

Other Threads:
  0x0000000057260800 VMThread [stack: 0x00000000580d0000,0x00000000581d0000] [id=18208]
  0x000000005736e800 WatcherThread [stack: 0x0000000059040000,0x0000000059140000] [id=15832]

VM state:not at safepoint (normal execution)

VM Mutex/Monitor currently owned by a thread: None

Heap:
 PSYoungGen      total 276480K, used 169206K [0x00000000eab00000, 0x0000000100000000, 0x0000000100000000)
  eden space 212992K, 56% used [0x00000000eab00000,0x00000000f2006ec8,0x00000000f7b00000)
  from space 63488K, 77% used [0x00000000fc200000,0x00000000ff236d20,0x0000000100000000)
  to   space 68096K, 0% used [0x00000000f7b00000,0x00000000f7b00000,0x00000000fbd80000)
 ParOldGen       total 175104K, used 107172K [0x00000000c0000000, 0x00000000cab00000, 0x00000000eab00000)
  object space 175104K, 61% used [0x00000000c0000000,0x00000000c68a91c8,0x00000000cab00000)
 Metaspace       used 6173K, capacity 7152K, committed 7296K, reserved 1056768K
  class space    used 600K, capacity 616K, committed 640K, reserved 1048576K

Card table byte_map: [0x0000000011c60000,0x0000000011e70000] byte_map_base: 0x0000000011660000

Marking Bits: (ParMarkBitMap*) 0x000000005717a5b0
 Begin Bits: [0x0000000012b20000, 0x0000000013b20000)
 End Bits:   [0x0000000013b20000, 0x0000000014b20000)

Polling page: 0x00000000001d0000

CodeCache: size=245760Kb used=12238Kb max_used=12254Kb free=233522Kb
 bounds [0x00000000028a0000, 0x00000000034b0000, 0x00000000118a0000]
 total_blobs=2562 nmethods=2299 adapters=175
 compilation: enabled

Compilation events (10 events):
Event: 7.319 Thread 0x00000000572c4800 nmethod 2411 0x00000000029d3310 code [0x00000000029d34c0, 0x00000000029d3cd0]
Event: 7.320 Thread 0x00000000572b9000 nmethod 2414 0x0000000002a41c90 code [0x0000000002a41de0, 0x0000000002a41f08]
Event: 7.321 Thread 0x00000000572ce000 2415       3       com.android.dx.rop.cst.StdConstantPool::size (6 bytes)
Event: 7.321 Thread 0x00000000572ce000 nmethod 2415 0x0000000002a0e110 code [0x0000000002a0e260, 0x0000000002a0e3b0]
Event: 7.323 Thread 0x00000000572ce000 2416       3       sun.nio.cs.SingleByte$Encoder::encode (32 bytes)
Event: 7.323 Thread 0x00000000572ce000 nmethod 2416 0x00000000029d2e50 code [0x00000000029d2fc0, 0x00000000029d31d0]
Event: 7.323 Thread 0x00000000572ce000 2417       1       java.nio.Buffer::position (5 bytes)
Event: 7.323 Thread 0x00000000572ce000 nmethod 2417 0x0000000002a0b9d0 code [0x0000000002a0bb20, 0x0000000002a0bc30]
Event: 7.323 Thread 0x00000000572ce000 2418       1       java.nio.Buffer::limit (5 bytes)
Event: 7.323 Thread 0x00000000572ce000 nmethod 2418 0x0000000002a0b710 code [0x0000000002a0b860, 0x0000000002a0b970]

GC Heap History (10 events):
Event: 1.756 GC heap before
{Heap before GC invocations=2 (full 0):
 PSYoungGen      total 76288K, used 76258K [0x00000000eab00000, 0x00000000f4000000, 0x0000000100000000)
  eden space 65536K, 100% used [0x00000000eab00000,0x00000000eeb00000,0x00000000eeb00000)
  from space 10752K, 99% used [0x00000000eeb00000,0x00000000ef578a00,0x00000000ef580000)
  to   space 10752K, 0% used [0x00000000f3580000,0x00000000f3580000,0x00000000f4000000)
 ParOldGen       total 175104K, used 324K [0x00000000c0000000, 0x00000000cab00000, 0x00000000eab00000)
  object space 175104K, 0% used [0x00000000c0000000,0x00000000c00512d8,0x00000000cab00000)
 Metaspace       used 5850K, capacity 7088K, committed 7296K, reserved 1056768K
  class space    used 575K, capacity 616K, committed 640K, reserved 1048576K
Event: 1.813 GC heap after
Heap after GC invocations=2 (full 0):
 PSYoungGen      total 141824K, used 10723K [0x00000000eab00000, 0x00000000f4000000, 0x0000000100000000)
  eden space 131072K, 0% used [0x00000000eab00000,0x00000000eab00000,0x00000000f2b00000)
  from space 10752K, 99% used [0x00000000f3580000,0x00000000f3ff8d80,0x00000000f4000000)
  to   space 10752K, 0% used [0x00000000f2b00000,0x00000000f2b00000,0x00000000f3580000)
 ParOldGen       total 175104K, used 8284K [0x00000000c0000000, 0x00000000cab00000, 0x00000000eab00000)
  object space 175104K, 4% used [0x00000000c0000000,0x00000000c08173a0,0x00000000cab00000)
 Metaspace       used 5850K, capacity 7088K, committed 7296K, reserved 1056768K
  class space    used 575K, capacity 616K, committed 640K, reserved 1048576K
}
Event: 2.413 GC heap before
{Heap before GC invocations=3 (full 0):
 PSYoungGen      total 141824K, used 141795K [0x00000000eab00000, 0x00000000f4000000, 0x0000000100000000)
  eden space 131072K, 100% used [0x00000000eab00000,0x00000000f2b00000,0x00000000f2b00000)
  from space 10752K, 99% used [0x00000000f3580000,0x00000000f3ff8d80,0x00000000f4000000)
  to   space 10752K, 0% used [0x00000000f2b00000,0x00000000f2b00000,0x00000000f3580000)
 ParOldGen       total 175104K, used 8284K [0x00000000c0000000, 0x00000000cab00000, 0x00000000eab00000)
  object space 175104K, 4% used [0x00000000c0000000,0x00000000c08173a0,0x00000000cab00000)
 Metaspace       used 5917K, capacity 7088K, committed 7296K, reserved 1056768K
  class space    used 578K, capacity 616K, committed 640K, reserved 1048576K
Event: 2.817 GC heap after
Heap after GC invocations=3 (full 0):
 PSYoungGen      total 141824K, used 10720K [0x00000000eab00000, 0x00000000fc000000, 0x0000000100000000)
  eden space 131072K, 0% used [0x00000000eab00000,0x00000000eab00000,0x00000000f2b00000)
  from space 10752K, 99% used [0x00000000f2b00000,0x00000000f35780a0,0x00000000f3580000)
  to   space 10752K, 0% used [0x00000000fb580000,0x00000000fb580000,0x00000000fc000000)
 ParOldGen       total 175104K, used 38016K [0x00000000c0000000, 0x00000000cab00000, 0x00000000eab00000)
  object space 175104K, 21% used [0x00000000c0000000,0x00000000c25203c8,0x00000000cab00000)
 Metaspace       used 5917K, capacity 7088K, committed 7296K, reserved 1056768K
  class space    used 578K, capacity 616K, committed 640K, reserved 1048576K
}
Event: 3.249 GC heap before
{Heap before GC invocations=4 (full 0):
 PSYoungGen      total 141824K, used 141792K [0x00000000eab00000, 0x00000000fc000000, 0x0000000100000000)
  eden space 131072K, 100% used [0x00000000eab00000,0x00000000f2b00000,0x00000000f2b00000)
  from space 10752K, 99% used [0x00000000f2b00000,0x00000000f35780a0,0x00000000f3580000)
  to   space 10752K, 0% used [0x00000000fb580000,0x00000000fb580000,0x00000000fc000000)
 ParOldGen       total 175104K, used 38016K [0x00000000c0000000, 0x00000000cab00000, 0x00000000eab00000)
  object space 175104K, 21% used [0x00000000c0000000,0x00000000c25203c8,0x00000000cab00000)
 Metaspace       used 5948K, capacity 7152K, committed 7296K, reserved 1056768K
  class space    used 578K, capacity 616K, committed 640K, reserved 1048576K
Event: 3.716 GC heap after
Heap after GC invocations=4 (full 0):
 PSYoungGen      total 272896K, used 10750K [0x00000000eab00000, 0x00000000fc000000, 0x0000000100000000)
  eden space 262144K, 0% used [0x00000000eab00000,0x00000000eab00000,0x00000000fab00000)
  from space 10752K, 99% used [0x00000000fb580000,0x00000000fbfff900,0x00000000fc000000)
  to   space 10752K, 0% used [0x00000000fab00000,0x00000000fab00000,0x00000000fb580000)
 ParOldGen       total 175104K, used 68025K [0x00000000c0000000, 0x00000000cab00000, 0x00000000eab00000)
  object space 175104K, 38% used [0x00000000c0000000,0x00000000c426e470,0x00000000cab00000)
 Metaspace       used 5948K, capacity 7152K, committed 7296K, reserved 1056768K
  class space    used 578K, capacity 616K, committed 640K, reserved 1048576K
}
Event: 4.783 GC heap before
{Heap before GC invocations=5 (full 0):
 PSYoungGen      total 272896K, used 272894K [0x00000000eab00000, 0x00000000fc000000, 0x0000000100000000)
  eden space 262144K, 100% used [0x00000000eab00000,0x00000000fab00000,0x00000000fab00000)
  from space 10752K, 99% used [0x00000000fb580000,0x00000000fbfff900,0x00000000fc000000)
  to   space 10752K, 0% used [0x00000000fab00000,0x00000000fab00000,0x00000000fb580000)
 ParOldGen       total 175104K, used 68025K [0x00000000c0000000, 0x00000000cab00000, 0x00000000eab00000)
  object space 175104K, 38% used [0x00000000c0000000,0x00000000c426e470,0x00000000cab00000)
 Metaspace       used 6065K, capacity 7152K, committed 7296K, reserved 1056768K
  class space    used 597K, capacity 616K, committed 640K, reserved 1048576K
Event: 5.162 GC heap after
Heap after GC invocations=5 (full 0):
 PSYoungGen      total 272896K, used 10724K [0x00000000eab00000, 0x0000000100000000, 0x0000000100000000)
  eden space 262144K, 0% used [0x00000000eab00000,0x00000000eab00000,0x00000000fab00000)
  from space 10752K, 99% used [0x00000000fab00000,0x00000000fb579170,0x00000000fb580000)
  to   space 63488K, 0% used [0x00000000fc200000,0x00000000fc200000,0x0000000100000000)
 ParOldGen       total 175104K, used 107172K [0x00000000c0000000, 0x00000000cab00000, 0x00000000eab00000)
  object space 175104K, 61% used [0x00000000c0000000,0x00000000c68a91c8,0x00000000cab00000)
 Metaspace       used 6065K, capacity 7152K, committed 7296K, reserved 1056768K
  class space    used 597K, capacity 616K, committed 640K, reserved 1048576K
}
Event: 6.788 GC heap before
{Heap before GC invocations=6 (full 0):
 PSYoungGen      total 272896K, used 272868K [0x00000000eab00000, 0x0000000100000000, 0x0000000100000000)
  eden space 262144K, 100% used [0x00000000eab00000,0x00000000fab00000,0x00000000fab00000)
  from space 10752K, 99% used [0x00000000fab00000,0x00000000fb579170,0x00000000fb580000)
  to   space 63488K, 0% used [0x00000000fc200000,0x00000000fc200000,0x0000000100000000)
 ParOldGen       total 175104K, used 107172K [0x00000000c0000000, 0x00000000cab00000, 0x00000000eab00000)
  object space 175104K, 61% used [0x00000000c0000000,0x00000000c68a91c8,0x00000000cab00000)
 Metaspace       used 6142K, capacity 7152K, committed 7296K, reserved 1056768K
  class space    used 597K, capacity 616K, committed 640K, reserved 1048576K
Event: 6.976 GC heap after
Heap after GC invocations=6 (full 0):
 PSYoungGen      total 276480K, used 49371K [0x00000000eab00000, 0x0000000100000000, 0x0000000100000000)
  eden space 212992K, 0% used [0x00000000eab00000,0x00000000eab00000,0x00000000f7b00000)
  from space 63488K, 77% used [0x00000000fc200000,0x00000000ff236d20,0x0000000100000000)
  to   space 68096K, 0% used [0x00000000f7b00000,0x00000000f7b00000,0x00000000fbd80000)
 ParOldGen       total 175104K, used 107172K [0x00000000c0000000, 0x00000000cab00000, 0x00000000eab00000)
  object space 175104K, 61% used [0x00000000c0000000,0x00000000c68a91c8,0x00000000cab00000)
 Metaspace       used 6142K, capacity 7152K, committed 7296K, reserved 1056768K
  class space    used 597K, capacity 616K, committed 640K, reserved 1048576K
}

Deoptimization events (10 events):
Event: 3.972 Thread 0x0000000057408000 Uncommon trap: reason=unstable_if action=reinterpret pc=0x00000000031090fc method=com.android.dx.rop.code.RegisterSpec.equals(ILcom/android/dx/rop/type/TypeBearer;Lcom/android/dx/rop/code/LocalItem;)Z @ 42
Event: 4.003 Thread 0x0000000057408000 Uncommon trap: reason=bimorphic action=maybe_recompile pc=0x0000000002c24668 method=java.util.HashMap.getNode(ILjava/lang/Object;)Ljava/util/HashMap$Node; @ 126
Event: 4.017 Thread 0x000000005759b000 Uncommon trap: reason=class_check action=maybe_recompile pc=0x0000000002c1af7c method=java.util.HashMap.putVal(ILjava/lang/Object;Ljava/lang/Object;ZZ)Ljava/lang/Object; @ 203
Event: 4.731 Thread 0x0000000057411800 Uncommon trap: reason=unstable_if action=reinterpret pc=0x0000000002ce86cc method=java.util.HashMap.putVal(ILjava/lang/Object;Ljava/lang/Object;ZZ)Ljava/lang/Object; @ 162
Event: 5.311 Thread 0x0000000057550800 Uncommon trap: reason=unstable_if action=reinterpret pc=0x0000000002c1aaa8 method=java.util.HashMap.putVal(ILjava/lang/Object;Ljava/lang/Object;ZZ)Ljava/lang/Object; @ 162
Event: 5.312 Thread 0x0000000057550800 Uncommon trap: reason=unstable_if action=reinterpret pc=0x0000000003134430 method=java.util.HashMap.getNode(ILjava/lang/Object;)Ljava/util/HashMap$Node; @ 84
Event: 5.316 Thread 0x000000005759b000 Uncommon trap: reason=unstable_if action=reinterpret pc=0x0000000002c97678 method=java.util.HashMap.getNode(ILjava/lang/Object;)Ljava/util/HashMap$Node; @ 84
Event: 5.861 Thread 0x0000000057408000 Uncommon trap: reason=unstable_if action=reinterpret pc=0x0000000002e56804 method=java.util.HashMap.resize()[Ljava/util/HashMap$Node; @ 206
Event: 6.323 Thread 0x000000005759b000 Uncommon trap: reason=unstable_if action=reinterpret pc=0x0000000003373474 method=com.android.dx.dex.code.RopToDop.dopFor(Lcom/android/dx/rop/code/Insn;)Lcom/android/dx/dex/code/Dop; @ 747
Event: 7.158 Thread 0x000000005759b000 Uncommon trap: reason=unstable_if action=reinterpret pc=0x0000000002d30914 method=java.util.HashMap.putVal(ILjava/lang/Object;Ljava/lang/Object;ZZ)Ljava/lang/Object; @ 162

Internal exceptions (7 events):
Event: 0.029 Thread 0x000000000226f800 Exception <a 'java/lang/NoSuchMethodError': Method sun.misc.Unsafe.defineClass(Ljava/lang/String;[BII)Ljava/lang/Class; name or signature does not match> (0x00000000eab13098) thrown at [C:\re\workspace\8-2-build-windows-amd64-cygwin\jdk8u66\4988\hotspot\srÌNWNgSù?
Event: 0.029 Thread 0x000000000226f800 Exception <a 'java/lang/NoSuchMethodError': Method sun.misc.Unsafe.prefetchRead(Ljava/lang/Object;J)V name or signature does not match> (0x00000000eab13380) thrown at [C:\re\workspace\8-2-build-windows-amd64-cygwin\jdk8u66\4988\hotspot\src\share\vm\prims\jï«óÃ/⁄?
Event: 0.409 Thread 0x0000000057408000 Implicit null exception at 0x0000000002b23421 to 0x0000000002b24ee9
Event: 4.733 Thread 0x0000000057411800 Exception <a 'java/lang/ArrayIndexOutOfBoundsException': 18> (0x00000000fa00d858) thrown at [C:\re\workspace\8-2-build-windows-amd64-cygwin\jdk8u66\4988\hotspot\src\share\vm\interpreter\interpreterRuntime.cpp, line 366]
Event: 4.733 Thread 0x0000000057411800 Exception <a 'java/lang/ArrayIndexOutOfBoundsException': 145> (0x00000000fa00f3d8) thrown at [C:\re\workspace\8-2-build-windows-amd64-cygwin\jdk8u66\4988\hotspot\src\share\vm\interpreter\interpreterRuntime.cpp, line 366]
Event: 4.733 Thread 0x0000000057411800 Exception <a 'java/lang/ArrayIndexOutOfBoundsException'> (0x00000000fa0106c0) thrown at [C:\re\workspace\8-2-build-windows-amd64-cygwin\jdk8u66\4988\hotspot\src\share\vm\runtime\sharedRuntime.cpp, line 605]
Event: 7.322 Thread 0x000000000226f800 Exception <a 'java/io/IOException': Read error> (0x00000000f1126680) thrown at [C:\re\workspace\8-2-build-windows-amd64-cygwin\jdk8u66\4988\hotspot\src\share\vm\prims\jni.cpp, line 735]

Events (10 events):
Event: 7.319 Thread 0x0000000057411800 DEOPT PACKING pc=0x000000000324d701 sp=0x00000000593deba0
Event: 7.322 loading class java/lang/Throwable$WrappedPrintStream
Event: 7.322 loading class java/lang/Throwable$PrintStreamOrWriter
Event: 7.322 loading class java/lang/Throwable$PrintStreamOrWriter done
Event: 7.322 loading class java/lang/Throwable$WrappedPrintStream done
Event: 7.322 loading class java/util/IdentityHashMap
Event: 7.323 loading class java/util/IdentityHashMap done
Event: 7.323 loading class java/util/IdentityHashMap$KeySet
Event: 7.323 loading class java/util/IdentityHashMap$KeySet done
Event: 7.323 Thread 0x0000000057411800 DEOPT UNPACKING pc=0x00000000028e787f sp=0x00000000593de998 mode 0


Dynamic libraries:
0x000000013f520000 - 0x000000013f557000 	C:\Program Files\Java\jdk1.8.0_66\bin\java.exe
0x0000000077180000 - 0x0000000077329000 	C:\Windows\SYSTEM32\ntdll.dll
0x0000000076f60000 - 0x000000007707f000 	C:\Windows\system32\kernel32.dll
0x000007fefd210000 - 0x000007fefd27c000 	C:\Windows\system32\KERNELBASE.dll
0x0000000074be0000 - 0x0000000074c91000 	C:\Program Files\Bitdefender\Bitdefender 2016\Active Virus Control\Avc3_00361_005\avcuf64.dll
0x000007fefee00000 - 0x000007fefeedb000 	C:\Windows\system32\ADVAPI32.dll
0x000007fefd500000 - 0x000007fefd59f000 	C:\Windows\system32\msvcrt.dll
0x000007fefda30000 - 0x000007fefda4f000 	C:\Windows\SYSTEM32\sechost.dll
0x000007fefeee0000 - 0x000007feff00d000 	C:\Windows\system32\RPCRT4.dll
0x0000000077080000 - 0x000000007717a000 	C:\Windows\system32\USER32.dll
0x000007fefdff0000 - 0x000007fefe057000 	C:\Windows\system32\GDI32.dll
0x000007fefdb70000 - 0x000007fefdb7e000 	C:\Windows\system32\LPK.dll
0x000007feff2d0000 - 0x000007feff399000 	C:\Windows\system32\USP10.dll
0x000007fef9f90000 - 0x000007fefa184000 	C:\Windows\WinSxS\amd64_microsoft.windows.common-controls_6595b64144ccf1df_6.0.7601.18837_none_fa3b1e3d17594757\COMCTL32.dll
0x000007fefd480000 - 0x000007fefd4f1000 	C:\Windows\system32\SHLWAPI.dll
0x000007fefda00000 - 0x000007fefda2e000 	C:\Windows\system32\IMM32.DLL
0x000007fefd2f0000 - 0x000007fefd3f9000 	C:\Windows\system32\MSCTF.dll
0x0000000079550000 - 0x0000000079622000 	C:\Program Files\Java\jdk1.8.0_66\jre\bin\msvcr100.dll
0x0000000056970000 - 0x00000000571f9000 	C:\Program Files\Java\jdk1.8.0_66\jre\bin\server\jvm.dll
0x000007fef7830000 - 0x000007fef7839000 	C:\Windows\system32\WSOCK32.dll
0x000007feff3a0000 - 0x000007feff3ed000 	C:\Windows\system32\WS2_32.dll
0x000007fefedf0000 - 0x000007fefedf8000 	C:\Windows\system32\NSI.dll
0x000007fefbe70000 - 0x000007fefbeab000 	C:\Windows\system32\WINMM.dll
0x000007fefbe40000 - 0x000007fefbe4c000 	C:\Windows\system32\VERSION.dll
0x0000000077340000 - 0x0000000077347000 	C:\Windows\system32\PSAPI.DLL
0x0000000071d00000 - 0x0000000071d0f000 	C:\Program Files\Java\jdk1.8.0_66\jre\bin\verify.dll
0x000000005c480000 - 0x000000005c4a9000 	C:\Program Files\Java\jdk1.8.0_66\jre\bin\java.dll
0x0000000058f50000 - 0x0000000058f66000 	C:\Program Files\Java\jdk1.8.0_66\jre\bin\zip.dll
0x000007fefe060000 - 0x000007fefede9000 	C:\Windows\system32\SHELL32.dll
0x000007fefdde0000 - 0x000007fefdfe3000 	C:\Windows\system32\ole32.dll
0x000007fefcf30000 - 0x000007fefcf3f000 	C:\Windows\system32\profapi.dll

VM Arguments:
jvm_args: -Djava.awt.headless=true -Xmx1024M -Dfile.encoding=windows-1250 -Duser.country=US -Duser.language=en -Duser.variant 
java_command: com.android.dx.command.Main --dex --force-jumbo --num-threads=4 --multi-dex --output D:\AppDev\Zag-App\Doctor\LittleDotDoctor\app\build\intermediates\transforms\dex\debug\folders\1000\5\slice_8 D:\AppDev\Zag-App\Doctor\LittleDotDoctor\app\build\intermediates\transforms\instantRunSlicer\debug\folders\1\5\slice_8
java_class_path (initial): C:\Android\sdk\build-tools\23.0.1\lib\dx.jar
Launcher Type: SUN_STANDARD

Environment Variables:
JAVA_HOME=C:\Program Files\Java\jdk1.8.0_66
PATH=C:\Windows\system32;C:\Windows;C:\Windows\system32\wbem;C:\ProgramData\Oracle\Java\javapath;C:\Program Files (x86)\Common Files\Intel\Shared Files\cpp\bin\Intel64;C:\Program Files (x86)\Kingston SSD Toolbox;C:\Program Files (x86)\Intel\iCLS Client;C:\Program Files\Intel\iCLS Client;C:\Windows\System32\WindowsPowerShell\v1.0;C:\Program Files\Intel\Intel(R) Management Engine Components\DAL;C:\Program Files\Intel\Intel(R) Management Engine Components\IPT;C:\Program Files (x86)\Intel\Intel(R) Management Engine Components\DAL;C:\Program Files (x86)\Intel\Intel(R) Management Engine Components\IPT;C:\Program Files (x86)\ATI Technologies\ATI.ACE\Core-Static;C:\Program Files\nodejs;C:\Program Files (x86)\Brackets\command;C:\Program Files (x86)\GtkSharp\2.12\bin;C:\Program Files (x86)\GNU\GnuPG\pub;C:\Program Files\Microsoft SQL Server\120\Tools\Binn;C:\Program Files (x86)\Skype\Phone;C:\Program Files (x86)\QuickTime\QTSystem;C:\Program Files\OpenVPN\bin;C:\Program Files (x86)\Heroku\bin;C:\Program Files (x86)\git\cmd;C:\Program Files (x86)\Git\cmd; C:\Program Files\Java\jdk1.8.0_66\bin;C:\Users\User 3\AppData\Roaming\npm; C:\Program Files\Java\jre1.8.0_71\bin;
USERNAME=User 3
LD_LIBRARY_PATH=C:\Program Files (x86)\Kingston SSD Toolbox
OS=Windows_NT
PROCESSOR_IDENTIFIER=Intel64 Family 6 Model 60 Stepping 3, GenuineIntel



---------------  S Y S T E M  ---------------

OS: Windows 7 , 64 bit Build 7601 (6.1.7601.18933)

CPU:total 8 (4 cores per cpu, 2 threads per core) family 6 model 60 stepping 3, cmov, cx8, fxsr, mmx, sse, sse2, sse3, ssse3, sse4.1, sse4.2, popcnt, avx, avx2, aes, clmul, erms, lzcnt, ht, tsc, tscinvbit, bmi1, bmi2

Memory: 4k page, physical 16680504k(2153276k free), swap 16678664k(4696k free)

vm_info: Java HotSpot(TM) 64-Bit Server VM (25.66-b17) for windows-amd64 JRE (1.8.0_66-b17), built on Oct  6 2015 18:55:33 by "java_re" with MS VC++ 10.0 (VS2010)

time: Fri Jun 03 16:02:51 2016
elapsed time: 7 seconds (0d 0h 0m 7s)

