n 3 3 3 3 3 3 3 3 8 8 7 1 1 1 1 1 1 1 1 1 1 1 1 1 1 1 1 1 1 1 1 1 1 1 1 1 1 1 1 1 1 1 1 1 1 1 1 1 1 1 1 1 1 1 1 1 1 1 1 1 1 1 1 1 1 1 1 1 1 1 1 1 1 1 1 1 1 1 1 1 1 1 1 1 1 1 1 1 1 1 1 1 1 1 1 1 1 1 1 1 1 1 1 1 1 1 1 1 1 1 1 1 1 1 1 1 1 1 1 1 1 1 1 1 1 1 1 1 1 1 1 1 1 1 1 1 1 1 1 1 1 1 1 1 1 1 1 1 1 1 1 1 1 1 1 1 1 1 1 1 1 1 1 1 1 1 1 1 1 1 1 1 1 1 1 1 1 1 1 1 1 1 1 1 1 1 1 1 1 1 1 1 1 1 1 1 1 1 1 1 1 1 1 1 1 1 1 1 1 1 1 1 1 1 1 1 1 1 1 1 1 1 1 1 3 3 3 3 3 3 3 3 3 3 3 3 3 3 3 3 3 3 3 3 3 3 3 3 3 3 3 3 3 3 3 3 3 3 3 3 3 5 0 5 0 100 100 100 100 100 100 100 7 100 7 100 100 100 100 100 100 100 100 1 1 1 1 1 1 1 1 1 1 1 1 1 1 1 12 12 12 12 12 12 12 12 12 12 12 12 12 12 12 12 12 12 12 12 12 12 12 12 12 12 12 12 12 12 12 12 12 12 12 12 12 12 12 12 12 12 12 12 12 12 12 12 12 12 12 12 12 12 12 12 12 12 12 12 12 12 12 12 12 12 12 12 9 9 9 9 9 10 10 10 10 10 10 10 10 10 10 10 10 10 10 10 10 10 10 10 10 10 10 10 10 10 10 10 10 10 10 10 10 10 10 10 10 10 10 10 10 10 10 10 10 10 10 10 10 10 10 10 10 10 10 10 10 10 10 10 10 10 10 10 10 10 10 10 10 10 10 10 10 10 10 10 10 10 10 10 10 11 11 1 1 1 1 1
staticfield java/lang/Character TYPE Ljava/lang/Class; java/lang/Class
staticfield java/lang/Character $assertionsDisabled Z 1
instanceKlass java/util/concurrent/atomic/AtomicInteger
instanceKlass java/lang/Long
instanceKlass java/lang/Integer
instanceKlass java/lang/Short
instanceKlass java/lang/Byte
instanceKlass java/lang/Double
instanceKlass java/lang/Float
ciInstanceKlass java/lang/Number 1 1 34 1 1 1 1 1 1 1 1 1 1 1 1 1 1 1 1 1 1 1 1 1 1 1 5 0 100 100 7 12 12 10 10 1
ciInstanceKlass java/lang/Float 1 1 169 3 3 3 4 4 4 4 8 8 8 1 1 1 1 1 1 1 1 1 1 1 1 1 1 1 1 1 1 1 1 1 1 1 1 1 1 1 1 1 1 1 1 1 1 1 1 1 1 1 1 1 1 1 1 1 1 1 1 1 1 1 1 1 1 1 1 1 1 1 1 1 1 1 1 1 1 1 1 1 1 1 1 1 1 1 1 1 1 1 1 1 1 1 1 1 1 1 1 3 3 3 3 4 4 5 0 7 100 100 7 100 100 100 100 100 1 1 1 1 1 1 1 1 1 12 12 12 12 12 12 12 12 12 12 12 12 12 12 12 12 12 12 12 12 12 9 9 10 10 10 10 10 10 10 10 10 10 10 10 10 10 10 10 10 10 10 10 1
staticfield java/lang/Float TYPE Ljava/lang/Class; java/lang/Class
ciInstanceKlass java/lang/Double 1 1 223 8 8 8 8 8 8 8 8 8 8 1 1 1 1 1 1 1 1 1 1 1 1 1 1 1 1 1 1 1 1 1 1 1 1 1 1 1 1 1 1 1 1 1 1 1 1 1 1 1 1 1 1 1 1 1 1 1 1 1 1 1 1 1 1 1 1 1 1 1 1 1 1 1 1 1 1 1 1 1 1 1 1 1 1 1 1 1 1 1 1 1 1 1 1 1 1 1 1 1 1 1 1 1 1 1 1 1 1 1 1 1 3 3 3 3 5 0 5 0 5 0 5 0 5 0 6 0 6 0 6 0 6 0 6 0 6 0 6 0 7 100 7 100 100 100 100 100 100 100 1 1 1 1 1 1 1 1 1 1 1 12 12 12 12 12 12 12 12 12 12 12 12 12 12 12 12 12 12 12 12 12 12 12 12 12 12 12 12 12 12 9 9 10 10 10 10 10 10 10 10 10 10 10 10 10 10 10 10 10 10 10 10 10 10 10 10 10 10 10 10 10 1
staticfield java/lang/Double TYPE Ljava/lang/Class; java/lang/Class
ciInstanceKlass java/lang/Byte 1 1 153 8 8 8 8 8 1 1 1 1 1 1 1 1 1 1 1 1 1 1 1 1 1 1 1 1 1 1 1 1 1 1 1 1 1 1 1 1 1 1 1 1 1 1 1 1 1 1 1 1 1 1 1 1 1 1 1 1 1 1 1 1 1 1 1 1 1 1 1 1 1 1 1 1 1 1 1 1 3 3 3 3 5 0 5 0 7 100 7 100 100 100 100 100 1 1 1 1 1 1 1 1 1 1 1 1 1 1 12 12 12 12 12 12 12 12 12 12 12 12 12 12 12 12 12 12 12 12 12 9 9 9 10 10 10 10 10 10 10 10 10 10 10 10 10 10 10 10 10 10 10 1 1
staticfield java/lang/Byte TYPE Ljava/lang/Class; java/lang/Class
ciInstanceKlass java/lang/Short 1 1 159 3 3 8 8 8 8 8 1 1 1 1 1 1 1 1 1 1 1 1 1 1 1 1 1 1 1 1 1 1 1 1 1 1 1 1 1 1 1 1 1 1 1 1 1 1 1 1 1 1 1 1 1 1 1 1 1 1 1 1 1 1 1 1 1 1 1 1 1 1 1 1 1 1 1 1 1 1 1 1 1 1 3 3 3 3 5 0 5 0 7 100 100 100 100 7 100 100 1 1 1 1 1 1 1 1 1 1 1 1 1 1 12 12 12 12 12 12 12 12 12 12 12 12 12 12 12 12 12 12 12 12 12 12 9 9 9 10 10 10 10 10 10 10 10 10 10 10 10 10 10 10 10 10 10 10 10 1 1
staticfield java/lang/Short TYPE Ljava/lang/Class; java/lang/Class
ciInstanceKlass java/lang/Integer 1 1 309 3 3 3 3 3 3 3 3 3 3 3 3 3 3 3 8 8 8 8 8 8 8 8 8 8 8 8 8 8 8 8 1 1 1 1 1 1 1 1 1 1 1 1 1 1 1 1 1 1 1 1 1 1 1 1 1 1 1 1 1 1 1 1 1 1 1 1 1 1 1 1 1 1 1 1 1 1 1 1 1 1 1 1 1 1 1 1 1 1 1 1 1 1 1 1 1 1 1 1 1 1 1 1 1 1 1 1 1 1 1 1 1 1 1 1 1 1 1 1 1 1 1 1 1 1 1 1 1 1 1 1 1 1 1 1 1 1 1 1 1 1 1 1 1 1 1 1 1 1 1 1 1 1 1 1 1 1 1 1 1 1 1 1 1 1 1 1 1 1 3 3 5 0 5 0 5 0 100 7 7 100 100 7 7 100 100 100 7 100 100 100 7 100 7 1 1 1 1 1 1 1 1 1 1 1 1 1 1 1 1 1 12 12 12 12 12 12 12 12 12 12 12 12 12 12 12 12 12 12 12 12 12 12 12 12 12 12 12 12 12 12 12 12 12 12 12 12 12 12 12 12 12 12 12 12 12 12 12 9 9 9 9 9 9 9 9 10 10 10 10 10 10 10 10 10 10 10 10 10 10 10 10 10 10 10 10 10 10 10 10 10 10 10 10 10 10 10 10 10 10 10 10 10 10 10 10 1 1
staticfield java/lang/Integer TYPE Ljava/lang/Class; java/lang/Class
staticfield java/lang/Integer digits [C 36
staticfield java/lang/Integer DigitTens [C 100
staticfield java/lang/Integer DigitOnes [C 100
staticfield java/lang/Integer sizeTable [I 10
ciInstanceKlass java/lang/Long 1 1 356 3 3 8 8 8 8 8 8 8 8 8 8 8 8 8 8 8 8 8 1 1 1 1 1 1 1 1 1 1 1 1 1 1 1 1 1 1 1 1 1 1 1 1 1 1 1 1 1 1 1 1 1 1 1 1 1 1 1 1 1 1 1 1 1 1 1 1 1 1 1 1 1 1 1 1 1 1 1 1 1 1 1 1 1 1 1 1 1 1 1 1 1 1 1 1 1 1 1 1 1 1 1 1 1 1 1 1 1 1 1 1 1 1 1 1 1 1 1 1 1 1 1 1 1 1 1 1 1 1 1 1 1 1 1 1 1 1 1 1 1 1 1 1 1 1 1 1 1 1 1 1 1 1 1 1 1 1 1 1 1 1 1 1 3 3 5 0 5 0 5 0 5 0 5 0 5 0 5 0 5 0 5 0 5 0 5 0 5 0 5 0 5 0 5 0 100 100 7 100 100 7 7 100 7 100 100 100 100 100 7 100 100 100 1 1 1 1 1 1 1 1 1 1 1 1 1 1 1 1 1 1 1 1 1 1 12 12 12 12 12 12 12 12 12 12 12 12 12 12 12 12 12 12 12 12 12 12 12 12 12 12 12 12 12 12 12 12 12 12 12 12 12 12 12 12 12 12 12 12 12 12 12 12 12 12 12 12 12 12 12 12 12 12 9 9 9 9 9 9 10 10 10 10 10 10 10 10 10 10 10 10 10 10 10 10 10 10 10 10 10 10 10 10 10 10 10 10 10 10 10 10 10 10 10 10 10 10 10 10 10 10 10 10 10 10 10 10 10 10 10 10 10 10 1 1
staticfield java/lang/Long TYPE Ljava/lang/Class; java/lang/Class
ciInstanceKlass java/lang/NullPointerException 1 1 21 1 1 1 1 1 1 1 1 1 1 1 5 0 100 100 12 12 10 10 1
ciInstanceKlass java/lang/ArithmeticException 1 1 21 1 1 1 1 1 1 1 1 1 1 1 5 0 100 100 12 12 10 10 1
ciInstanceKlass java/lang/ArrayIndexOutOfBoundsException 0 0 38 8 1 1 1 1 1 1 1 1 1 1 1 1 1 1 1 1 1 5 0 100 100 100 1 1 12 12 12 12 12 10 10 10 10 10 10 1
ciInstanceKlass com/android/dx/rop/type/TypeBearer 1 0 18 100 100 100 1 1 1 1 1 1 1 1 1 1 1 1 1 1
ciInstanceKlass com/android/dx/rop/cst/CstString 1 1 215 10 10 10 10 10 10 7 10 100 100 10 8 10 10 8 10 10 10 10 100 8 10 10 9 7 10 10 9 8 10 7 10 10 10 8 10 8 8 10 10 8 8 8 8 10 8 10 8 9 10 9 7 1 1 1 1 1 1 1 1 1 1 1 1 1 1 1 1 1 1 1 1 100 100 1 1 1 1 1 1 1 1 1 1 1 100 100 1 1 1 1 1 1 100 1 1 1 1 1 1 1 1 1 1 1 1 1 1 1 1 1 1 1 1 1 1 1 100 1 1 1 1 1 1 1 1 1 1 1 1 1 1 1 12 12 7 12 12 12 12 1 12 1 1 12 1 12 100 12 1 12 12 12 1 1 12 12 1 12 12 12 1 12 1 12 12 12 1 12 1 1 12 12 1 1 1 1 100 12 1 12 1 7 12 12 12 1 1 1 1 1 1 1 1 1 1 1 1 1 1 1 1 1 1 1 1 1 1 1 1 1 1 1 1
staticfield com/android/dx/rop/cst/CstString EMPTY_STRING Lcom/android/dx/rop/cst/CstString; com/android/dx/rop/cst/CstString
instanceKlass com/android/dx/cf/code/SwitchList
instanceKlass com/android/dx/rop/code/LocalVariableInfo
instanceKlass com/android/dx/rop/code/RegisterSpecSet
instanceKlass com/android/dx/ssa/LocalVariableInfo
instanceKlass com/android/dx/cf/code/ExecutionStack
instanceKlass com/android/dx/cf/code/LocalsArray
instanceKlass com/android/dx/util/IntList
instanceKlass com/android/dx/rop/annotation/Annotation
instanceKlass com/android/dx/rop/annotation/Annotations
instanceKlass com/android/dx/util/FixedSizeList
instanceKlass com/android/dx/rop/cst/StdConstantPool
ciInstanceKlass com/android/dx/util/MutabilityControl 1 1 37 10 9 100 8 10 8 7 7 1 1 1 1 1 1 1 1 1 1 1 1 1 1 1 1 1 1 1 12 12 1 1 12 1 1 1 1
ciInstanceKlass com/android/dx/rop/type/Type 1 1 451 9 10 7 10 100 100 8 10 100 8 10 10 10 10 10 7 10 8 10 10 10 10 8 10 9 8 8 10 10 10 8 8 9 9 9 9 9 9 10 10 10 8 8 8 8 8 8 8 8 8 10 10 10 8 10 8 8 10 9 9 10 8 10 9 10 8 8 8 8 10 8 10 10 10 10 10 7 10 8 9 8 9 8 9 8 9 8 9 8 8 9 8 9 8 8 9 8 9 8 9 8 9 8 9 8 9 8 9 8 9 8 9 8 9 8 9 8 9 8 9 8 9 8 9 8 9 8 9 9 9 9 9 9 9 9 9 9 7 100 100 1 1 1 1 1 1 1 3 1 3 1 3 1 3 1 3 1 3 1 3 1 3 1 3 1 3 1 3 1 3 1 1 1 1 1 1 1 1 1 1 1 1 1 1 1 1 1 1 1 1 1 1 1 1 1 1 1 1 1 1 1 1 1 1 1 1 1 1 1 1 1 1 1 1 1 1 1 1 1 1 1 1 1 1 1 1 1 1 1 1 1 100 100 100 100 100 100 1 1 1 1 1 1 1 1 1 1 1 1 1 1 1 1 1 1 1 1 1 1 1 1 1 1 1 1 1 1 1 1 1 1 1 1 1 1 1 1 1 1 1 1 1 1 1 1 1 1 1 1 1 1 1 12 12 1 7 12 1 1 1 12 1 1 12 12 12 12 1 12 1 12 12 12 12 1 12 12 1 1 12 12 1 1 12 12 12 12 12 12 12 12 12 1 1 1 1 1 1 1 1 1 12 12 12 1 12 1 1 12 12 12 12 1 12 12 1 1 1 1 12 1 7 12 12 12 12 12 1 12 1 12 1 12 12 1 12 1 12 1 12 1 12 1 1 12 1 12 1 12 1 12 12 1 12 12 1 12 1 12 1 12 1 12 1 12 1 12 1 12 1 12 1 12 1 12 12 12 12 12 12 12 12 12 12 1 1 1 1 1 1 1 1 1 1 1 1 1 1 1 1 1 1 1 1 1 1 1 1 1 1
staticfield com/android/dx/rop/type/Type internTable Ljava/util/HashMap; java/util/HashMap
staticfield com/android/dx/rop/type/Type BOOLEAN Lcom/android/dx/rop/type/Type; com/android/dx/rop/type/Type
staticfield com/android/dx/rop/type/Type BYTE Lcom/android/dx/rop/type/Type; com/android/dx/rop/type/Type
staticfield com/android/dx/rop/type/Type CHAR Lcom/android/dx/rop/type/Type; com/android/dx/rop/type/Type
staticfield com/android/dx/rop/type/Type DOUBLE Lcom/android/dx/rop/type/Type; com/android/dx/rop/type/Type
staticfield com/android/dx/rop/type/Type FLOAT Lcom/android/dx/rop/type/Type; com/android/dx/rop/type/Type
staticfield com/android/dx/rop/type/Type INT Lcom/android/dx/rop/type/Type; com/android/dx/rop/type/Type
staticfield com/android/dx/rop/type/Type LONG Lcom/android/dx/rop/type/Type; com/android/dx/rop/type/Type
staticfield com/android/dx/rop/type/Type SHORT Lcom/android/dx/rop/type/Type; com/android/dx/rop/type/Type
staticfield com/android/dx/rop/type/Type VOID Lcom/android/dx/rop/type/Type; com/android/dx/rop/type/Type
staticfield com/android/dx/rop/type/Type KNOWN_NULL Lcom/android/dx/rop/type/Type; com/android/dx/rop/type/Type
staticfield com/android/dx/rop/type/Type RETURN_ADDRESS Lcom/android/dx/rop/type/Type; com/android/dx/rop/type/Type
staticfield com/android/dx/rop/type/Type ANNOTATION Lcom/android/dx/rop/type/Type; com/android/dx/rop/type/Type
staticfield com/android/dx/rop/type/Type CLASS Lcom/android/dx/rop/type/Type; com/android/dx/rop/type/Type
staticfield com/android/dx/rop/type/Type CLONEABLE Lcom/android/dx/rop/type/Type; com/android/dx/rop/type/Type
staticfield com/android/dx/rop/type/Type OBJECT Lcom/android/dx/rop/type/Type; com/android/dx/rop/type/Type
staticfield com/android/dx/rop/type/Type SERIALIZABLE Lcom/android/dx/rop/type/Type; com/android/dx/rop/type/Type
staticfield com/android/dx/rop/type/Type STRING Lcom/android/dx/rop/type/Type; com/android/dx/rop/type/Type
staticfield com/android/dx/rop/type/Type THROWABLE Lcom/android/dx/rop/type/Type; com/android/dx/rop/type/Type
staticfield com/android/dx/rop/type/Type BOOLEAN_CLASS Lcom/android/dx/rop/type/Type; com/android/dx/rop/type/Type
staticfield com/android/dx/rop/type/Type BYTE_CLASS Lcom/android/dx/rop/type/Type; com/android/dx/rop/type/Type
staticfield com/android/dx/rop/type/Type CHARACTER_CLASS Lcom/android/dx/rop/type/Type; com/android/dx/rop/type/Type
staticfield com/android/dx/rop/type/Type DOUBLE_CLASS Lcom/android/dx/rop/type/Type; com/android/dx/rop/type/Type
staticfield com/android/dx/rop/type/Type FLOAT_CLASS Lcom/android/dx/rop/type/Type; com/android/dx/rop/type/Type
staticfield com/android/dx/rop/type/Type INTEGER_CLASS Lcom/android/dx/rop/type/Type; com/android/dx/rop/type/Type
staticfield com/android/dx/rop/type/Type LONG_CLASS Lcom/android/dx/rop/type/Type; com/android/dx/rop/type/Type
staticfield com/android/dx/rop/type/Type SHORT_CLASS Lcom/android/dx/rop/type/Type; com/android/dx/rop/type/Type
staticfield com/android/dx/rop/type/Type VOID_CLASS Lcom/android/dx/rop/type/Type; com/android/dx/rop/type/Type
staticfield com/android/dx/rop/type/Type BOOLEAN_ARRAY Lcom/android/dx/rop/type/Type; com/android/dx/rop/type/Type
staticfield com/android/dx/rop/type/Type BYTE_ARRAY Lcom/android/dx/rop/type/Type; com/android/dx/rop/type/Type
staticfield com/android/dx/rop/type/Type CHAR_ARRAY Lcom/android/dx/rop/type/Type; com/android/dx/rop/type/Type
staticfield com/android/dx/rop/type/Type DOUBLE_ARRAY Lcom/android/dx/rop/type/Type; com/android/dx/rop/type/Type
staticfield com/android/dx/rop/type/Type FLOAT_ARRAY Lcom/android/dx/rop/type/Type; com/android/dx/rop/type/Type
staticfield com/android/dx/rop/type/Type INT_ARRAY Lcom/android/dx/rop/type/Type; com/android/dx/rop/type/Type
staticfield com/android/dx/rop/type/Type LONG_ARRAY Lcom/android/dx/rop/type/Type; com/android/dx/rop/type/Type
staticfield com/android/dx/rop/type/Type OBJECT_ARRAY Lcom/android/dx/rop/type/Type; com/android/dx/rop/type/Type
staticfield com/android/dx/rop/type/Type SHORT_ARRAY Lcom/android/dx/rop/type/Type; com/android/dx/rop/type/Type
instanceKlass com/android/dx/rop/code/RegisterSpecList
instanceKlass com/android/dx/rop/code/InsnList
instanceKlass com/android/dx/util/LabeledList
instanceKlass com/android/dx/rop/annotation/AnnotationsList
instanceKlass com/android/dx/cf/code/LineNumberList
instanceKlass com/android/dx/cf/code/LocalVariableList
instanceKlass com/android/dx/cf/code/ByteCatchList
instanceKlass com/android/dx/cf/attrib/InnerClassList
instanceKlass com/android/dx/rop/cst/CstArray$List
instanceKlass com/android/dx/rop/type/StdTypeList
instanceKlass com/android/dx/cf/iface/StdMethodList
instanceKlass com/android/dx/cf/iface/StdAttributeList
instanceKlass com/android/dx/cf/iface/StdFieldList
ciInstanceKlass com/android/dx/util/FixedSizeList 1 1 170 10 7 9 100 100 8 10 10 7 10 10 10 100 10 10 10 10 10 10 8 8 10 10 10 100 8 10 10 100 10 100 8 10 8 100 10 10 100 11 10 10 7 1 1 1 1 1 1 1 1 1 1 1 1 1 1 100 100 1 1 1 1 1 1 1 1 1 1 1 1 1 1 1 1 1 1 1 1 1 1 1 1 100 1 1 1 1 1 100 100 1 1 1 1 1 1 1 1 1 1 1 1 100 1 1 12 1 12 1 1 1 12 12 1 7 12 12 100 12 1 12 100 12 12 12 12 12 1 1 12 12 12 1 1 12 1 12 1 1 1 1 12 12 1 12 12 1 1 1 1 1 1 1 1 1 1 1 1 1 1 1 1 1 1 1 1 1 1 1
instanceKlass com/android/dx/rop/code/FillArrayDataInsn
instanceKlass com/android/dx/rop/code/SwitchInsn
instanceKlass com/android/dx/rop/code/CstInsn
instanceKlass com/android/dx/rop/code/ThrowingInsn
instanceKlass com/android/dx/rop/code/PlainInsn
ciInstanceKlass com/android/dx/rop/code/Insn 1 1 217 10 100 8 10 8 8 9 9 9 9 10 10 10 10 10 10 10 10 10 10 10 10 10 10 10 10 10 10 10 100 10 8 10 10 10 8 8 10 8 10 8 8 8 8 10 8 10 7 7 100 100 1 1 100 1 1 1 1 1 1 1 1 1 1 1 1 1 1 1 1 1 100 100 100 100 100 1 1 1 1 1 1 1 1 1 1 1 1 1 1 1 1 1 1 1 1 100 1 1 1 1 1 1 1 1 1 1 1 1 1 1 1 1 1 1 1 1 1 1 1 1 1 1 1 1 1 100 1 1 1 1 1 1 12 1 1 12 1 1 12 12 12 12 7 12 12 12 12 7 12 7 12 7 12 12 12 12 12 12 7 12 12 12 12 12 7 12 1 12 1 12 12 12 1 1 12 1 12 1 1 1 1 12 1 12 1 1 1 1 1 1 1 1 1 1 1 1 1 1 1 1 1 1 1 1 1 1 1 1 1 1 1 1 1 1 1
ciInstanceKlass com/android/dx/rop/code/PlainInsn 1 1 175 10 10 100 8 10 8 10 10 9 11 100 8 10 7 10 10 10 10 10 10 10 10 10 11 100 10 10 10 100 10 10 100 10 10 7 1 1 1 1 1 1 1 1 1 1 1 1 1 1 1 1 100 100 100 100 100 1 1 1 1 1 7 1 1 1 1 1 1 1 1 1 1 1 1 1 1 1 1 1 1 1 1 1 1 1 1 1 100 100 100 1 1 1 1 12 7 12 1 1 12 1 7 12 7 12 12 1 1 1 12 12 12 100 12 12 12 12 12 12 100 12 1 12 12 100 12 1 12 12 1 12 12 1 1 1 1 1 1 1 1 1 1 1 1 1 1 1 1 1 1 1 1 1 1 1 1 1 1 1 1 1 1 1 1 1 1 1 1 1 1 1 1 1 1
ciInstanceKlass com/android/dx/rop/code/PlainCstInsn 1 1 117 10 10 100 8 10 9 11 100 8 10 7 10 10 10 10 10 10 10 10 7 1 1 1 1 1 1 1 1 1 1 1 1 1 1 1 1 1 1 100 100 100 100 100 100 1 1 1 7 1 1 1 1 1 1 1 1 1 1 1 1 1 1 1 1 1 12 7 12 1 1 12 100 12 12 1 1 1 12 12 12 100 12 12 100 12 12 1 1 1 1 1 1 100 1 1 1 1 1 1 1 1 1 1 1 1 1 1 1 1 1 1 1 1 1 1 1
ciInstanceKlass com/android/dx/rop/code/RegisterSpec 1 1 309 10 10 10 9 9 10 10 7 10 10 10 100 8 10 100 10 8 10 10 10 10 100 8 10 8 9 9 9 7 10 10 10 10 11 10 10 10 10 10 10 10 10 11 11 11 10 10 10 10 10 10 10 10 10 10 10 10 10 7 10 10 100 10 10 10 8 10 10 8 100 10 100 11 10 10 7 10 10 7 7 100 100 100 1 1 1 1 1 1 1 1 1 1 1 1 1 1 1 1 1 1 1 1 1 1 1 1 1 1 100 100 100 100 100 1 1 1 1 1 1 1 1 1 1 1 1 1 1 1 1 1 1 1 1 1 1 1 1 1 1 1 1 1 1 1 1 1 1 1 1 1 1 1 1 1 1 1 1 1 1 1 1 1 1 1 1 1 1 1 100 1 1 1 1 1 1 1 1 1 1 1 1 1 1 1 1 1 1 1 1 100 1 1 1 1 1 1 1 1 1 1 1 1 1 1 1 12 12 12 12 12 12 12 1 12 12 12 1 1 12 1 12 1 12 12 12 1 1 1 12 12 12 1 12 12 12 12 12 12 7 12 12 12 12 12 12 12 12 12 12 12 12 12 12 12 12 12 12 1 12 12 1 12 12 12 1 12 12 1 1 12 1 12 12 1 12 1 1 1 1 1 1 1 1 1 1 1 1 1 1 1 1 1 1 1 1 1 1 1 1 1 1 1 1 1 1 1 1
staticfield com/android/dx/rop/code/RegisterSpec theInterns Ljava/util/HashMap; java/util/HashMap
staticfield com/android/dx/rop/code/RegisterSpec theInterningItem Lcom/android/dx/rop/code/RegisterSpec$ForComparison; com/android/dx/rop/code/RegisterSpec$ForComparison
ciInstanceKlass com/android/dx/rop/code/RegisterSpecList 1 1 170 10 10 7 10 10 10 10 10 10 10 10 10 100 8 10 7 10 10 10 10 9 10 10 10 100 10 10 10 7 100 100 1 1 1 1 1 1 1 1 1 1 1 1 1 1 1 1 1 1 1 1 1 1 1 1 1 1 1 1 1 1 1 1 1 1 1 1 1 1 1 1 1 1 1 1 1 1 1 1 1 100 1 1 1 1 1 1 1 1 1 1 1 1 1 1 1 1 1 1 1 1 1 1 1 100 1 1 1 1 1 1 1 1 1 1 1 1 12 12 1 12 12 12 12 7 12 12 12 1 1 12 1 12 12 12 12 12 100 12 12 12 1 12 12 12 1 1 1 1 1 1 1 1 1 1 1 1 1 1 1 1 1 1 1 1 1 1 1 1
staticfield com/android/dx/rop/code/RegisterSpecList EMPTY Lcom/android/dx/rop/code/RegisterSpecList; com/android/dx/rop/code/RegisterSpecList
ciInstanceKlass com/android/dx/rop/code/BasicBlockList$RegCountVisitor 1 1 92 10 9 10 10 10 10 10 10 10 7 7 100 1 1 1 1 1 1 1 1 1 1 1 1 1 1 1 1 1 1 1 1 1 1 1 1 1 1 1 1 1 1 1 1 1 1 1 1 1 1 1 1 1 1 100 100 1 1 1 1 1 1 12 12 12 7 12 12 12 7 12 12 7 12 100 1 1 1 1 1 1 1 1 1 1 1 1 1 1 1 1
compile com/android/dx/rop/code/BasicBlockList$RegCountVisitor visitPlainInsn (Lcom/android/dx/rop/code/PlainInsn;)V -1 4 inline 15 0 -1 com/android/dx/rop/code/BasicBlockList$RegCountVisitor visitPlainInsn (Lcom/android/dx/rop/code/PlainInsn;)V 1 2 com/android/dx/rop/code/BasicBlockList$RegCountVisitor visit (Lcom/android/dx/rop/code/Insn;)V 2 1 com/android/dx/rop/code/Insn getResult ()Lcom/android/dx/rop/code/RegisterSpec; 2 11 com/android/dx/rop/code/BasicBlockList$RegCountVisitor processReg (Lcom/android/dx/rop/code/RegisterSpec;)V 3 1 com/android/dx/rop/code/RegisterSpec getNextReg ()I 4 5 com/android/dx/rop/code/RegisterSpec getCategory ()I 5 9 com/android/dx/rop/type/Type getCategory ()I 2 15 com/android/dx/rop/code/Insn getSources ()Lcom/android/dx/rop/code/RegisterSpecList; 2 20 com/android/dx/util/FixedSizeList size ()I 2 39 com/android/dx/rop/code/RegisterSpecList get (I)Lcom/android/dx/rop/code/RegisterSpec; 3 2 com/android/dx/util/FixedSizeList get0 (I)Ljava/lang/Object; 2 42 com/android/dx/rop/code/BasicBlockList$RegCountVisitor processReg (Lcom/android/dx/rop/code/RegisterSpec;)V 3 1 com/android/dx/rop/code/RegisterSpec getNextReg ()I 4 5 com/android/dx/rop/code/RegisterSpec getCategory ()I 5 9 com/android/dx/rop/type/Type getCategory ()I
